<?xml version="1.0" encoding="UTF-8"?>
<robot generator="Robot 6.0.2 (Python 3.10.12 on linux)" generated="20251005 17:12:20.860" rpa="false" schemaversion="3">
<suite id="s1" name="basic_startup" source="/workspace/renode/tests/basic_startup.robot">
<kw name="Setup" library="renode-keywords" type="SETUP">
<msg timestamp="20251005 17:12:21.002" level="TRACE">Arguments: [  ]</msg>
<kw name="Evaluate" library="BuiltIn">
<var>${SYSTEM}</var>
<arg>platform.system()</arg>
<arg>modules=platform</arg>
<doc>Evaluates the given expression in Python and returns the result.</doc>
<msg timestamp="20251005 17:12:21.003" level="TRACE">Arguments: [ 'platform.system()' | modules='platform' ]</msg>
<msg timestamp="20251005 17:12:21.003" level="TRACE">Return: 'Linux'</msg>
<msg timestamp="20251005 17:12:21.003" level="INFO">${SYSTEM} = Linux</msg>
<status status="PASS" starttime="20251005 17:12:21.003" endtime="20251005 17:12:21.003"/>
</kw>
<kw name="Set Variable If" library="BuiltIn">
<var>${CONFIGURATION}</var>
<arg>not ${SKIP_RUNNING_SERVER} and ${SERVER_REMOTE_DEBUG}</arg>
<arg>Debug</arg>
<arg>${CONFIGURATION}</arg>
<doc>Sets variable based on the given condition.</doc>
<msg timestamp="20251005 17:12:21.004" level="TRACE">Arguments: [ 'not True and False' | 'Debug' | '${CONFIGURATION}' ]</msg>
<msg timestamp="20251005 17:12:21.004" level="TRACE">Return: 'Release'</msg>
<msg timestamp="20251005 17:12:21.004" level="INFO">${CONFIGURATION} = Release</msg>
<status status="PASS" starttime="20251005 17:12:21.003" endtime="20251005 17:12:21.004"/>
</kw>
<kw name="Create List" library="BuiltIn">
<var>@{PARAMS}</var>
<arg>--robot-server-port</arg>
<arg>${PORT_NUMBER}</arg>
<arg>--hide-log</arg>
<doc>Returns a list containing given items.</doc>
<msg timestamp="20251005 17:12:21.004" level="TRACE">Arguments: [ '--robot-server-port' | '49170' | '--hide-log' ]</msg>
<msg timestamp="20251005 17:12:21.004" level="TRACE">Return: ['--robot-server-port', '49170', '--hide-log']</msg>
<msg timestamp="20251005 17:12:21.004" level="INFO">@{PARAMS} = [ --robot-server-port | 49170 | --hide-log ]</msg>
<status status="PASS" starttime="20251005 17:12:21.004" endtime="20251005 17:12:21.004"/>
</kw>
<if>
<branch type="IF" condition="${DISABLE_GUI}">
<kw name="Insert Into List" library="Collections">
<arg>${PARAMS}</arg>
<arg>0</arg>
<arg>--disable-gui</arg>
<doc>Inserts ``value`` into ``list`` to the position specified with ``index``.</doc>
<status status="NOT RUN" starttime="20251005 17:12:21.005" endtime="20251005 17:12:21.005"/>
</kw>
<status status="NOT RUN" starttime="20251005 17:12:21.004" endtime="20251005 17:12:21.005"/>
</branch>
<status status="PASS" starttime="20251005 17:12:21.004" endtime="20251005 17:12:21.005"/>
</if>
<if>
<branch type="IF" condition="not ${SKIP_RUNNING_SERVER}">
<kw name="File Should Exist" library="OperatingSystem">
<arg>${DIRECTORY}/${BINARY_NAME}</arg>
<arg>msg=Robot Framework remote server binary not found (${DIRECTORY}/${BINARY_NAME}). Did you forget to build it in ${CONFIGURATION} configuration?</arg>
<doc>Fails unless the given ``path`` points to an existing file.</doc>
<status status="NOT RUN" starttime="20251005 17:12:21.005" endtime="20251005 17:12:21.005"/>
</kw>
<status status="NOT RUN" starttime="20251005 17:12:21.005" endtime="20251005 17:12:21.005"/>
</branch>
<status status="PASS" starttime="20251005 17:12:21.005" endtime="20251005 17:12:21.005"/>
</if>
<if>
<branch type="IF" condition="not ${SKIP_RUNNING_SERVER} and not ${SERVER_REMOTE_DEBUG} and not '${SYSTEM}' == 'Windows' and not ${NET_PLATFORM}">
<kw name="Start Process" library="Process">
<arg>mono</arg>
<arg>${BINARY_NAME}</arg>
<arg>@{PARAMS}</arg>
<arg>cwd=${DIRECTORY}</arg>
<doc>Starts a new process on background.</doc>
<status status="NOT RUN" starttime="20251005 17:12:21.005" endtime="20251005 17:12:21.005"/>
</kw>
<status status="NOT RUN" starttime="20251005 17:12:21.005" endtime="20251005 17:12:21.005"/>
</branch>
<status status="PASS" starttime="20251005 17:12:21.005" endtime="20251005 17:12:21.005"/>
</if>
<if>
<branch type="IF" condition="not ${SKIP_RUNNING_SERVER} and not ${SERVER_REMOTE_DEBUG} and '${SYSTEM}' == 'Windows'">
<kw name="Start Process" library="Process">
<arg>${BINARY_NAME}</arg>
<arg>@{PARAMS}</arg>
<arg>cwd=${DIRECTORY}</arg>
<arg>shell=true</arg>
<doc>Starts a new process on background.</doc>
<status status="NOT RUN" starttime="20251005 17:12:21.006" endtime="20251005 17:12:21.006"/>
</kw>
<status status="NOT RUN" starttime="20251005 17:12:21.005" endtime="20251005 17:12:21.006"/>
</branch>
<status status="PASS" starttime="20251005 17:12:21.005" endtime="20251005 17:12:21.006"/>
</if>
<if>
<branch type="IF" condition="not ${SKIP_RUNNING_SERVER} and not ${SERVER_REMOTE_DEBUG} and ${NET_PLATFORM}">
<kw name="Start Process" library="Process">
<arg>dotnet ${BINARY_NAME}</arg>
<arg>@{PARAMS}</arg>
<arg>cwd=${DIRECTORY}</arg>
<arg>shell=true</arg>
<doc>Starts a new process on background.</doc>
<status status="NOT RUN" starttime="20251005 17:12:21.006" endtime="20251005 17:12:21.006"/>
</kw>
<status status="NOT RUN" starttime="20251005 17:12:21.006" endtime="20251005 17:12:21.006"/>
</branch>
<status status="PASS" starttime="20251005 17:12:21.006" endtime="20251005 17:12:21.006"/>
</if>
<if>
<branch type="IF" condition="not ${SKIP_RUNNING_SERVER} and ${SERVER_REMOTE_DEBUG} and not '${SYSTEM}' == 'Windows' and not ${NET_PLATFORM}">
<kw name="Start Process" library="Process">
<arg>mono</arg>
<arg>--debug</arg>
<arg>--debugger-agent\=transport\=dt_socket,address\=0.0.0.0:${SERVER_REMOTE_PORT},server\=y,suspend\=${SERVER_REMOTE_SUSPEND}</arg>
<arg>${BINARY_NAME}</arg>
<arg>@{PARAMS}</arg>
<arg>cwd=${DIRECTORY}</arg>
<doc>Starts a new process on background.</doc>
<status status="NOT RUN" starttime="20251005 17:12:21.006" endtime="20251005 17:12:21.006"/>
</kw>
<status status="NOT RUN" starttime="20251005 17:12:21.006" endtime="20251005 17:12:21.007"/>
</branch>
<status status="PASS" starttime="20251005 17:12:21.006" endtime="20251005 17:12:21.007"/>
</if>
<if>
<branch type="IF" condition="not ${SKIP_RUNNING_SERVER} and ${SERVER_REMOTE_DEBUG} and '${SYSTEM}' == 'Windows'">
<kw name="Fatal Error" library="BuiltIn">
<arg>Windows doesn't support server remote debug option.</arg>
<doc>Stops the whole test execution.</doc>
<status status="NOT RUN" starttime="20251005 17:12:21.007" endtime="20251005 17:12:21.007"/>
</kw>
<status status="NOT RUN" starttime="20251005 17:12:21.007" endtime="20251005 17:12:21.007"/>
</branch>
<status status="PASS" starttime="20251005 17:12:21.007" endtime="20251005 17:12:21.007"/>
</if>
<if>
<branch type="IF" condition="not '${SYSTEM}' == 'Windows'">
<kw name="Wait Until Keyword Succeeds" library="BuiltIn">
<arg>60s</arg>
<arg>1s</arg>
<arg>Import Library</arg>
<arg>Remote</arg>
<arg>http://127.0.0.1:${PORT_NUMBER}/</arg>
<doc>Runs the specified keyword and retries if it fails.</doc>
<msg timestamp="20251005 17:12:21.007" level="TRACE">Arguments: [ '60s' | '1s' | 'Import Library' | 'Remote' | 'http://127.0.0.1:${PORT_NUMBER}/' ]</msg>
<kw name="Import Library" library="BuiltIn">
<arg>Remote</arg>
<arg>http://127.0.0.1:${PORT_NUMBER}/</arg>
<doc>Imports a library with the given name and optional arguments.</doc>
<msg timestamp="20251005 17:12:21.007" level="TRACE">Arguments: [ 'Remote' | 'http://127.0.0.1:${PORT_NUMBER}/' ]</msg>
<msg timestamp="20251005 17:12:22.885" level="TRACE">Return: None</msg>
<status status="PASS" starttime="20251005 17:12:21.007" endtime="20251005 17:12:22.885"/>
</kw>
<msg timestamp="20251005 17:12:22.885" level="TRACE">Return: None</msg>
<status status="PASS" starttime="20251005 17:12:21.007" endtime="20251005 17:12:22.885"/>
</kw>
<status status="PASS" starttime="20251005 17:12:21.007" endtime="20251005 17:12:22.885"/>
</branch>
<status status="PASS" starttime="20251005 17:12:21.007" endtime="20251005 17:12:22.885"/>
</if>
<if>
<branch type="IF" condition="'${SYSTEM}' == 'Windows'">
<kw name="Wait Until Keyword Succeeds" library="BuiltIn">
<arg>60s</arg>
<arg>1s</arg>
<arg>Import Library</arg>
<arg>Remote</arg>
<arg>http://localhost:${PORT_NUMBER}/</arg>
<doc>Runs the specified keyword and retries if it fails.</doc>
<status status="NOT RUN" starttime="20251005 17:12:22.885" endtime="20251005 17:12:22.891"/>
</kw>
<status status="NOT RUN" starttime="20251005 17:12:22.885" endtime="20251005 17:12:22.891"/>
</branch>
<status status="PASS" starttime="20251005 17:12:22.885" endtime="20251005 17:12:22.891"/>
</if>
<kw name="Set Default Uart Timeout" library="Remote">
<arg>${DEFAULT_UART_TIMEOUT}</arg>
<msg timestamp="20251005 17:12:22.892" level="TRACE">Arguments: [ '8' ]</msg>
<msg timestamp="20251005 17:12:22.987" level="TRACE">Return: ''</msg>
<status status="PASS" starttime="20251005 17:12:22.891" endtime="20251005 17:12:22.987"/>
</kw>
<if>
<branch type="IF" condition="${SAVE_LOGS}">
<kw name="Enable Logging To Cache" library="Remote">
<msg timestamp="20251005 17:12:22.989" level="TRACE">Arguments: [  ]</msg>
<msg timestamp="20251005 17:12:23.048" level="TRACE">Return: ''</msg>
<status status="PASS" starttime="20251005 17:12:22.989" endtime="20251005 17:12:23.049"/>
</kw>
<status status="PASS" starttime="20251005 17:12:22.987" endtime="20251005 17:12:23.049"/>
</branch>
<status status="PASS" starttime="20251005 17:12:22.987" endtime="20251005 17:12:23.049"/>
</if>
<kw name="Set Variable" library="BuiltIn">
<var>${allowed_chars}</var>
<arg>abcdefghijklmnopqrstuvwxyz01234567890_-</arg>
<doc>Returns the given values which can then be assigned to a variables.</doc>
<msg timestamp="20251005 17:12:23.049" level="TRACE">Arguments: [ 'abcdefghijklmnopqrstuvwxyz01234567890_-' ]</msg>
<msg timestamp="20251005 17:12:23.049" level="TRACE">Return: 'abcdefghijklmnopqrstuvwxyz01234567890_-'</msg>
<msg timestamp="20251005 17:12:23.049" level="INFO">${allowed_chars} = abcdefghijklmnopqrstuvwxyz01234567890_-</msg>
<status status="PASS" starttime="20251005 17:12:23.049" endtime="20251005 17:12:23.049"/>
</kw>
<kw name="Convert To Lower Case" library="String">
<var>${metrics_fname}</var>
<arg>${SUITE_NAME}</arg>
<doc>Converts string to lower case.</doc>
<msg timestamp="20251005 17:12:23.049" level="TRACE">Arguments: [ 'basic_startup' ]</msg>
<msg timestamp="20251005 17:12:23.049" level="TRACE">Return: 'basic_startup'</msg>
<msg timestamp="20251005 17:12:23.049" level="INFO">${metrics_fname} = basic_startup</msg>
<status status="PASS" starttime="20251005 17:12:23.049" endtime="20251005 17:12:23.049"/>
</kw>
<kw name="Replace String" library="String">
<var>${metrics_fname}</var>
<arg>${metrics_fname}</arg>
<arg>${SPACE}</arg>
<arg>_</arg>
<doc>Replaces ``search_for`` in the given ``string`` with ``replace_with``.</doc>
<msg timestamp="20251005 17:12:23.050" level="TRACE">Arguments: [ 'basic_startup' | ' ' | '_' ]</msg>
<msg timestamp="20251005 17:12:23.050" level="TRACE">Return: 'basic_startup'</msg>
<msg timestamp="20251005 17:12:23.050" level="INFO">${metrics_fname} = basic_startup</msg>
<status status="PASS" starttime="20251005 17:12:23.050" endtime="20251005 17:12:23.050"/>
</kw>
<kw name="Replace String Using Regexp" library="String">
<var>${metrics_fname}</var>
<arg>${metrics_fname}</arg>
<arg>[^${allowed_chars}]+</arg>
<arg>${EMPTY}</arg>
<doc>Replaces ``pattern`` in the given ``string`` with ``replace_with``.</doc>
<msg timestamp="20251005 17:12:23.051" level="TRACE">Arguments: [ 'basic_startup' | '[^abcdefghijklmnopqrstuvwxyz01234567890_-]+' | '' ]</msg>
<msg timestamp="20251005 17:12:23.051" level="TRACE">Return: 'basic_startup'</msg>
<msg timestamp="20251005 17:12:23.051" level="INFO">${metrics_fname} = basic_startup</msg>
<status status="PASS" starttime="20251005 17:12:23.050" endtime="20251005 17:12:23.051"/>
</kw>
<kw name="Join Path" library="OperatingSystem">
<var>${metrics_path}</var>
<arg>${RESULTS_DIRECTORY}</arg>
<arg>profiler-${metrics_fname}</arg>
<doc>Joins the given path part(s) to the given base path.</doc>
<msg timestamp="20251005 17:12:23.051" level="TRACE">Arguments: [ '/workspace/' | 'profiler-basic_startup' ]</msg>
<msg timestamp="20251005 17:12:23.051" level="TRACE">Return: '/workspace/profiler-basic_startup'</msg>
<msg timestamp="20251005 17:12:23.051" level="INFO">${metrics_path} = /workspace/profiler-basic_startup</msg>
<status status="PASS" starttime="20251005 17:12:23.051" endtime="20251005 17:12:23.051"/>
</kw>
<if>
<branch type="IF" condition="${CREATE_EXECUTION_METRICS}">
<kw name="Execute Command" library="Remote">
<arg>EnableProfilerGlobally "${metrics_path}"</arg>
<status status="NOT RUN" starttime="20251005 17:12:23.051" endtime="20251005 17:12:23.052"/>
</kw>
<status status="NOT RUN" starttime="20251005 17:12:23.051" endtime="20251005 17:12:23.052"/>
</branch>
<status status="PASS" starttime="20251005 17:12:23.051" endtime="20251005 17:12:23.052"/>
</if>
<kw name="Reset Emulation" library="Remote">
<msg timestamp="20251005 17:12:23.052" level="TRACE">Arguments: [  ]</msg>
<msg timestamp="20251005 17:12:23.146" level="TRACE">Return: ''</msg>
<status status="PASS" starttime="20251005 17:12:23.052" endtime="20251005 17:12:23.146"/>
</kw>
<msg timestamp="20251005 17:12:23.146" level="TRACE">Return: None</msg>
<status status="PASS" starttime="20251005 17:12:21.002" endtime="20251005 17:12:23.146"/>
</kw>
<test id="s1-t1" name="Should Boot And Show Banner" line="15">
<kw name="Reset Emulation" library="Remote" type="SETUP">
<msg timestamp="20251005 17:12:23.149" level="TRACE">Arguments: [  ]</msg>
<msg timestamp="20251005 17:12:23.168" level="TRACE">Return: ''</msg>
<status status="PASS" starttime="20251005 17:12:23.149" endtime="20251005 17:12:23.168"/>
</kw>
<kw name="Execute Command" library="Remote">
<arg>$elf = @${ELF}</arg>
<msg timestamp="20251005 17:12:23.168" level="TRACE">Arguments: [ '$elf = @/workspace/renode/tests/../../target/thumbv7em-none-eabihf/release/joint_firmware' ]</msg>
<msg timestamp="20251005 17:12:23.217" level="TRACE">Return: ''</msg>
<status status="PASS" starttime="20251005 17:12:23.168" endtime="20251005 17:12:23.218"/>
</kw>
<kw name="Execute Command" library="Remote">
<arg>mach create</arg>
<msg timestamp="20251005 17:12:23.219" level="TRACE">Arguments: [ 'mach create' ]</msg>
<msg timestamp="20251005 17:12:23.341" level="TRACE">Return: ''</msg>
<status status="PASS" starttime="20251005 17:12:23.218" endtime="20251005 17:12:23.341"/>
</kw>
<kw name="Execute Command" library="Remote">
<arg>machine LoadPlatformDescription @/workspace/renode/tests/../stm32g431cb.repl</arg>
<msg timestamp="20251005 17:12:23.341" level="TRACE">Arguments: [ 'machine LoadPlatformDescription @/workspace/renode/tests/../stm32g431cb.repl' ]</msg>
<msg timestamp="20251005 17:12:27.288" level="TRACE">Return: ''</msg>
<status status="PASS" starttime="20251005 17:12:23.341" endtime="20251005 17:12:27.288"/>
</kw>
<kw name="Execute Command" library="Remote">
<arg>sysbus LoadELF $elf</arg>
<msg timestamp="20251005 17:12:27.288" level="TRACE">Arguments: [ 'sysbus LoadELF $elf' ]</msg>
<msg timestamp="20251005 17:12:28.406" level="TRACE">Return: ''</msg>
<status status="PASS" starttime="20251005 17:12:27.288" endtime="20251005 17:12:28.406"/>
</kw>
<kw name="Create Terminal Tester" library="Remote">
<arg>${UART}</arg>
<msg timestamp="20251005 17:12:28.407" level="TRACE">Arguments: [ 'sysbus.usart1' ]</msg>
<msg timestamp="20251005 17:12:28.448" level="TRACE">Return: 0</msg>
<status status="PASS" starttime="20251005 17:12:28.406" endtime="20251005 17:12:28.448"/>
</kw>
<kw name="Start Emulation" library="Remote">
<msg timestamp="20251005 17:12:28.448" level="TRACE">Arguments: [  ]</msg>
<msg timestamp="20251005 17:12:28.642" level="TRACE">Return: ''</msg>
<status status="PASS" starttime="20251005 17:12:28.448" endtime="20251005 17:12:28.642"/>
</kw>
<kw name="Wait For Line On Uart" library="Remote">
<arg>CLN17 v2.0 Joint Firmware</arg>
<arg>timeout=${LOG_TIMEOUT}</arg>
<msg timestamp="20251005 17:12:28.642" level="TRACE">Arguments: [ 'CLN17 v2.0 Joint Firmware' | 'timeout=5' ]</msg>
<msg timestamp="20251005 17:12:29.166" level="TRACE">Return: {'groups': [], 'line': '  CLN17 v2.0 Joint Firmware', 'timestamp': 0.077}</msg>
<status status="PASS" starttime="20251005 17:12:28.642" endtime="20251005 17:12:29.166"/>
</kw>
<kw name="Wait For Line On Uart" library="Remote">
<arg>STM32G431CB</arg>
<arg>timeout=${LOG_TIMEOUT}</arg>
<msg timestamp="20251005 17:12:29.166" level="TRACE">Arguments: [ 'STM32G431CB' | 'timeout=5' ]</msg>
<msg timestamp="20251005 17:12:29.177" level="TRACE">Return: {'groups': [], 'line': '  Target: STM32G431CB @ 170 MHz', 'timestamp': 0.081}</msg>
<status status="PASS" starttime="20251005 17:12:29.166" endtime="20251005 17:12:29.177"/>
</kw>
<kw name="Test Teardown" library="renode-keywords" type="TEARDOWN">
<msg timestamp="20251005 17:12:29.178" level="TRACE">Arguments: [  ]</msg>
<kw name="Stop Profiler" library="renode-keywords">
<msg timestamp="20251005 17:12:29.178" level="TRACE">Arguments: [  ]</msg>
<if>
<branch type="IF" condition="${PROFILER_PROCESS}">
<kw name="Terminate Process" library="Process">
<arg>${PROFILER_PROCESS}</arg>
<doc>Stops the process gracefully or forcefully.</doc>
<status status="NOT RUN" starttime="20251005 17:12:29.179" endtime="20251005 17:12:29.179"/>
</kw>
<kw name="Set Test Variable" library="BuiltIn">
<arg>${PROFILER_PROCESS}</arg>
<arg>None</arg>
<doc>Makes a variable available everywhere within the scope of the current test.</doc>
<status status="NOT RUN" starttime="20251005 17:12:29.179" endtime="20251005 17:12:29.179"/>
</kw>
<status status="NOT RUN" starttime="20251005 17:12:29.178" endtime="20251005 17:12:29.179"/>
</branch>
<status status="PASS" starttime="20251005 17:12:29.178" endtime="20251005 17:12:29.179"/>
</if>
<msg timestamp="20251005 17:12:29.179" level="TRACE">Return: None</msg>
<status status="PASS" starttime="20251005 17:12:29.178" endtime="20251005 17:12:29.179"/>
</kw>
<if>
<branch type="IF" condition="${CREATE_SNAPSHOT_ON_FAIL}">
<kw name="Run Keyword If Test Failed" library="BuiltIn">
<arg>Create Snapshot Of Failed Test</arg>
<doc>Runs the given keyword with the given arguments, if the test failed.</doc>
<msg timestamp="20251005 17:12:29.179" level="TRACE">Arguments: [ 'Create Snapshot Of Failed Test' ]</msg>
<msg timestamp="20251005 17:12:29.179" level="TRACE">Return: None</msg>
<status status="PASS" starttime="20251005 17:12:29.179" endtime="20251005 17:12:29.179"/>
</kw>
<status status="PASS" starttime="20251005 17:12:29.179" endtime="20251005 17:12:29.179"/>
</branch>
<status status="PASS" starttime="20251005 17:12:29.179" endtime="20251005 17:12:29.179"/>
</if>
<if>
<branch type="IF" condition="${SAVE_LOGS}">
<if>
<branch type="IF" condition="&quot;${SAVE_LOGS_WHEN}&quot; == &quot;Always&quot;">
<kw name="Save Test Log" library="renode-keywords">
<status status="NOT RUN" starttime="20251005 17:12:29.180" endtime="20251005 17:12:29.180"/>
</kw>
<status status="NOT RUN" starttime="20251005 17:12:29.180" endtime="20251005 17:12:29.180"/>
</branch>
<branch type="ELSE IF" condition="&quot;${SAVE_LOGS_WHEN}&quot; == &quot;Fail&quot;">
<kw name="Run Keyword If Test Failed" library="BuiltIn">
<arg>Save Test Log</arg>
<doc>Runs the given keyword with the given arguments, if the test failed.</doc>
<msg timestamp="20251005 17:12:29.180" level="TRACE">Arguments: [ 'Save Test Log' ]</msg>
<msg timestamp="20251005 17:12:29.180" level="TRACE">Return: None</msg>
<status status="PASS" starttime="20251005 17:12:29.180" endtime="20251005 17:12:29.180"/>
</kw>
<status status="PASS" starttime="20251005 17:12:29.180" endtime="20251005 17:12:29.180"/>
</branch>
<status status="PASS" starttime="20251005 17:12:29.180" endtime="20251005 17:12:29.180"/>
</if>
<status status="PASS" starttime="20251005 17:12:29.179" endtime="20251005 17:12:29.180"/>
</branch>
<status status="PASS" starttime="20251005 17:12:29.179" endtime="20251005 17:12:29.180"/>
</if>
<kw name="Run Keyword And Ignore Error" library="BuiltIn">
<var>${res}</var>
<arg>Import Library</arg>
<arg>Dialogs</arg>
<doc>Runs the given keyword with the given arguments and ignores possible error.</doc>
<msg timestamp="20251005 17:12:29.180" level="TRACE">Arguments: [ 'Import Library' | 'Dialogs' ]</msg>
<kw name="Import Library" library="BuiltIn">
<arg>Dialogs</arg>
<doc>Imports a library with the given name and optional arguments.</doc>
<msg timestamp="20251005 17:12:29.181" level="TRACE">Arguments: [ 'Dialogs' ]</msg>
<msg timestamp="20251005 17:12:29.183" level="TRACE">Return: None</msg>
<msg timestamp="20251005 17:12:29.183" level="FAIL">Importing library 'robot.libraries.Dialogs' failed: ModuleNotFoundError: No module named 'tkinter'
Traceback (most recent call last):
  None
PYTHONPATH:
  /opt/renode/tests
  /usr/lib/python310.zip
  /usr/lib/python3.10
  /usr/lib/python3.10/lib-dynload
  /usr/local/lib/python3.10/dist-packages
  /usr/lib/python3/dist-packages</msg>
<msg timestamp="20251005 17:12:29.183" level="DEBUG">ModuleNotFoundError: No module named 'Tkinter'

During handling of the above exception, another exception occurred:

ModuleNotFoundError: No module named 'tkinter'

During handling of the above exception, another exception occurred:

robot.errors.DataError: ModuleNotFoundError: No module named 'tkinter'
Traceback (most recent call last):
  None
PYTHONPATH:
  /opt/renode/tests
  /usr/lib/python310.zip
  /usr/lib/python3.10
  /usr/lib/python3.10/lib-dynload
  /usr/local/lib/python3.10/dist-packages
  /usr/lib/python3/dist-packages

During handling of the above exception, another exception occurred:

robot.errors.DataError: Importing library 'robot.libraries.Dialogs' failed: ModuleNotFoundError: No module named 'tkinter'
Traceback (most recent call last):
  None
PYTHONPATH:
  /opt/renode/tests
  /usr/lib/python310.zip
  /usr/lib/python3.10
  /usr/lib/python3.10/lib-dynload
  /usr/local/lib/python3.10/dist-packages
  /usr/lib/python3/dist-packages

During handling of the above exception, another exception occurred:

RuntimeError: Importing library 'robot.libraries.Dialogs' failed: ModuleNotFoundError: No module named 'tkinter'
Traceback (most recent call last):
  None
PYTHONPATH:
  /opt/renode/tests
  /usr/lib/python310.zip
  /usr/lib/python3.10
  /usr/lib/python3.10/lib-dynload
  /usr/local/lib/python3.10/dist-packages
  /usr/lib/python3/dist-packages</msg>
<status status="FAIL" starttime="20251005 17:12:29.181" endtime="20251005 17:12:29.183"/>
</kw>
<msg timestamp="20251005 17:12:29.183" level="TRACE">Return: ('FAIL',
 "Importing library 'robot.libraries.Dialogs' failed: ModuleNotFoundError: No module named 'tkinter'\nTraceback (most recent call last):\n  None\nPYTHONPATH:\n  /opt/renode/tests\n  /usr/lib/python310.zip\n  /usr/lib/python3.10\n  /usr/lib/python3.10/lib-dynload\n  /usr/local/lib/python3.10/dist-packages\n  /usr/lib/python3/dist-packages")</msg>
<msg timestamp="20251005 17:12:29.183" level="INFO">${res} = ('FAIL', "Importing library 'robot.libraries.Dialogs' failed: ModuleNotFoundError: No module named 'tkinter'\nTraceback (most recent call last):\n  None\nPYTHONPATH:\n  /opt/renode/tests\n  /usr/lib/p...</msg>
<status status="PASS" starttime="20251005 17:12:29.180" endtime="20251005 17:12:29.183"/>
</kw>
<if>
<branch type="IF" condition="${HOLD_ON_ERROR}">
<kw name="Run Keyword If Test Failed" library="BuiltIn">
<arg>Run Keywords</arg>
<arg>Run Keyword If</arg>
<arg>'${res[0]}' == 'FAIL'</arg>
<arg>Log</arg>
<arg>Couldn't load the Dialogs library - interactive debugging is not possible</arg>
<arg>console=True</arg>
<arg>AND</arg>
<arg>Run Keyword If</arg>
<arg>'${res[0]}' != 'FAIL'</arg>
<arg>Open GUI</arg>
<arg>AND</arg>
<arg>Run Keyword If</arg>
<arg>'${res[0]}' != 'FAIL'</arg>
<arg>Pause Execution</arg>
<arg>Test failed. Press OK once done debugging.</arg>
<arg>AND</arg>
<arg>Run Keyword If</arg>
<arg>'${res[0]}' != 'FAIL'</arg>
<arg>Close GUI</arg>
<doc>Runs the given keyword with the given arguments, if the test failed.</doc>
<status status="NOT RUN" starttime="20251005 17:12:29.204" endtime="20251005 17:12:29.204"/>
</kw>
<status status="NOT RUN" starttime="20251005 17:12:29.204" endtime="20251005 17:12:29.204"/>
</branch>
<status status="PASS" starttime="20251005 17:12:29.203" endtime="20251005 17:12:29.204"/>
</if>
<kw name="Reset Emulation" library="Remote">
<msg timestamp="20251005 17:12:29.204" level="TRACE">Arguments: [  ]</msg>
<msg timestamp="20251005 17:12:29.380" level="TRACE">Return: ''</msg>
