<?xml version="1.0" encoding="UTF-8"?>
<robot generator="Rebot 6.0.2 (Python 3.10.12 on linux)" generated="20251005 17:25:06.732" rpa="false" schemaversion="3">
<suite id="s1" name="Test Suite" source="/workspace/renode/tests/basic_startup.robot">
<kw name="Setup" library="renode-keywords" type="SETUP">
<msg timestamp="20251005 17:24:43.941" level="TRACE">Arguments: [  ]</msg>
<kw name="Evaluate" library="BuiltIn">
<var>${SYSTEM}</var>
<arg>platform.system()</arg>
<arg>modules=platform</arg>
<doc>Evaluates the given expression in Python and returns the result.</doc>
<msg timestamp="20251005 17:24:43.941" level="TRACE">Arguments: [ 'platform.system()' | modules='platform' ]</msg>
<msg timestamp="20251005 17:24:43.942" level="TRACE">Return: 'Linux'</msg>
<msg timestamp="20251005 17:24:43.942" level="INFO">${SYSTEM} = Linux</msg>
<status status="PASS" starttime="20251005 17:24:43.941" endtime="20251005 17:24:43.942"/>
</kw>
<kw name="Set Variable If" library="BuiltIn">
<var>${CONFIGURATION}</var>
<arg>not ${SKIP_RUNNING_SERVER} and ${SERVER_REMOTE_DEBUG}</arg>
<arg>Debug</arg>
<arg>${CONFIGURATION}</arg>
<doc>Sets variable based on the given condition.</doc>
<msg timestamp="20251005 17:24:43.942" level="TRACE">Arguments: [ 'not True and False' | 'Debug' | '${CONFIGURATION}' ]</msg>
<msg timestamp="20251005 17:24:43.942" level="TRACE">Return: 'Release'</msg>
<msg timestamp="20251005 17:24:43.942" level="INFO">${CONFIGURATION} = Release</msg>
<status status="PASS" starttime="20251005 17:24:43.942" endtime="20251005 17:24:43.942"/>
</kw>
<kw name="Create List" library="BuiltIn">
<var>@{PARAMS}</var>
<arg>--robot-server-port</arg>
<arg>${PORT_NUMBER}</arg>
<arg>--hide-log</arg>
<doc>Returns a list containing given items.</doc>
<msg timestamp="20251005 17:24:43.942" level="TRACE">Arguments: [ '--robot-server-port' | '49153' | '--hide-log' ]</msg>
<msg timestamp="20251005 17:24:43.943" level="TRACE">Return: ['--robot-server-port', '49153', '--hide-log']</msg>
<msg timestamp="20251005 17:24:43.943" level="INFO">@{PARAMS} = [ --robot-server-port | 49153 | --hide-log ]</msg>
<status status="PASS" starttime="20251005 17:24:43.942" endtime="20251005 17:24:43.943"/>
</kw>
<if>
<branch type="IF" condition="${DISABLE_GUI}">
<kw name="Insert Into List" library="Collections">
<arg>${PARAMS}</arg>
<arg>0</arg>
<arg>--disable-gui</arg>
<doc>Inserts ``value`` into ``list`` to the position specified with ``index``.</doc>
<status status="NOT RUN" starttime="20251005 17:24:43.943" endtime="20251005 17:24:43.943"/>
</kw>
<status status="NOT RUN" starttime="20251005 17:24:43.943" endtime="20251005 17:24:43.943"/>
</branch>
<status status="PASS" starttime="20251005 17:24:43.943" endtime="20251005 17:24:43.943"/>
</if>
<if>
<branch type="IF" condition="not ${SKIP_RUNNING_SERVER}">
<kw name="File Should Exist" library="OperatingSystem">
<arg>${DIRECTORY}/${BINARY_NAME}</arg>
<arg>msg=Robot Framework remote server binary not found (${DIRECTORY}/${BINARY_NAME}). Did you forget to build it in ${CONFIGURATION} configuration?</arg>
<doc>Fails unless the given ``path`` points to an existing file.</doc>
<status status="NOT RUN" starttime="20251005 17:24:43.943" endtime="20251005 17:24:43.943"/>
</kw>
<status status="NOT RUN" starttime="20251005 17:24:43.943" endtime="20251005 17:24:43.943"/>
</branch>
<status status="PASS" starttime="20251005 17:24:43.943" endtime="20251005 17:24:43.943"/>
</if>
<if>
<branch type="IF" condition="not ${SKIP_RUNNING_SERVER} and not ${SERVER_REMOTE_DEBUG} and not '${SYSTEM}' == 'Windows' and not ${NET_PLATFORM}">
<kw name="Start Process" library="Process">
<arg>mono</arg>
<arg>${BINARY_NAME}</arg>
<arg>@{PARAMS}</arg>
<arg>cwd=${DIRECTORY}</arg>
<doc>Starts a new process on background.</doc>
<status status="NOT RUN" starttime="20251005 17:24:43.944" endtime="20251005 17:24:43.944"/>
</kw>
<status status="NOT RUN" starttime="20251005 17:24:43.943" endtime="20251005 17:24:43.944"/>
</branch>
<status status="PASS" starttime="20251005 17:24:43.943" endtime="20251005 17:24:43.944"/>
</if>
<if>
<branch type="IF" condition="not ${SKIP_RUNNING_SERVER} and not ${SERVER_REMOTE_DEBUG} and '${SYSTEM}' == 'Windows'">
<kw name="Start Process" library="Process">
<arg>${BINARY_NAME}</arg>
<arg>@{PARAMS}</arg>
<arg>cwd=${DIRECTORY}</arg>
<arg>shell=true</arg>
<doc>Starts a new process on background.</doc>
<status status="NOT RUN" starttime="20251005 17:24:43.954" endtime="20251005 17:24:43.954"/>
</kw>
<status status="NOT RUN" starttime="20251005 17:24:43.954" endtime="20251005 17:24:43.954"/>
</branch>
<status status="PASS" starttime="20251005 17:24:43.954" endtime="20251005 17:24:43.954"/>
</if>
<if>
<branch type="IF" condition="not ${SKIP_RUNNING_SERVER} and not ${SERVER_REMOTE_DEBUG} and ${NET_PLATFORM}">
<kw name="Start Process" library="Process">
<arg>dotnet ${BINARY_NAME}</arg>
<arg>@{PARAMS}</arg>
<arg>cwd=${DIRECTORY}</arg>
<arg>shell=true</arg>
<doc>Starts a new process on background.</doc>
<status status="NOT RUN" starttime="20251005 17:24:43.955" endtime="20251005 17:24:43.955"/>
</kw>
<status status="NOT RUN" starttime="20251005 17:24:43.954" endtime="20251005 17:24:43.960"/>
</branch>
<status status="PASS" starttime="20251005 17:24:43.954" endtime="20251005 17:24:43.960"/>
</if>
<if>
<branch type="IF" condition="not ${SKIP_RUNNING_SERVER} and ${SERVER_REMOTE_DEBUG} and not '${SYSTEM}' == 'Windows' and not ${NET_PLATFORM}">
<kw name="Start Process" library="Process">
<arg>mono</arg>
<arg>--debug</arg>
<arg>--debugger-agent\=transport\=dt_socket,address\=0.0.0.0:${SERVER_REMOTE_PORT},server\=y,suspend\=${SERVER_REMOTE_SUSPEND}</arg>
<arg>${BINARY_NAME}</arg>
<arg>@{PARAMS}</arg>
<arg>cwd=${DIRECTORY}</arg>
<doc>Starts a new process on background.</doc>
<status status="NOT RUN" starttime="20251005 17:24:43.961" endtime="20251005 17:24:43.961"/>
</kw>
<status status="NOT RUN" starttime="20251005 17:24:43.960" endtime="20251005 17:24:43.961"/>
</branch>
<status status="PASS" starttime="20251005 17:24:43.960" endtime="20251005 17:24:43.961"/>
</if>
<if>
<branch type="IF" condition="not ${SKIP_RUNNING_SERVER} and ${SERVER_REMOTE_DEBUG} and '${SYSTEM}' == 'Windows'">
<kw name="Fatal Error" library="BuiltIn">
<arg>Windows doesn't support server remote debug option.</arg>
<doc>Stops the whole test execution.</doc>
<status status="NOT RUN" starttime="20251005 17:24:43.961" endtime="20251005 17:24:43.961"/>
</kw>
<status status="NOT RUN" starttime="20251005 17:24:43.961" endtime="20251005 17:24:43.961"/>
</branch>
<status status="PASS" starttime="20251005 17:24:43.961" endtime="20251005 17:24:43.961"/>
</if>
<if>
<branch type="IF" condition="not '${SYSTEM}' == 'Windows'">
<kw name="Wait Until Keyword Succeeds" library="BuiltIn">
<arg>60s</arg>
<arg>1s</arg>
<arg>Import Library</arg>
<arg>Remote</arg>
<arg>http://127.0.0.1:${PORT_NUMBER}/</arg>
<doc>Runs the specified keyword and retries if it fails.</doc>
<msg timestamp="20251005 17:24:43.962" level="TRACE">Arguments: [ '60s' | '1s' | 'Import Library' | 'Remote' | 'http://127.0.0.1:${PORT_NUMBER}/' ]</msg>
<kw name="Import Library" library="BuiltIn">
<arg>Remote</arg>
<arg>http://127.0.0.1:${PORT_NUMBER}/</arg>
<doc>Imports a library with the given name and optional arguments.</doc>
<msg timestamp="20251005 17:24:43.971" level="TRACE">Arguments: [ 'Remote' | 'http://127.0.0.1:${PORT_NUMBER}/' ]</msg>
<msg timestamp="20251005 17:24:47.018" level="TRACE">Return: None</msg>
<status status="PASS" starttime="20251005 17:24:43.962" endtime="20251005 17:24:47.018"/>
</kw>
<msg timestamp="20251005 17:24:47.018" level="TRACE">Return: None</msg>
<status status="PASS" starttime="20251005 17:24:43.961" endtime="20251005 17:24:47.018"/>
</kw>
<status status="PASS" starttime="20251005 17:24:43.961" endtime="20251005 17:24:47.018"/>
</branch>
<status status="PASS" starttime="20251005 17:24:43.961" endtime="20251005 17:24:47.018"/>
</if>
<if>
<branch type="IF" condition="'${SYSTEM}' == 'Windows'">
<kw name="Wait Until Keyword Succeeds" library="BuiltIn">
<arg>60s</arg>
<arg>1s</arg>
<arg>Import Library</arg>
<arg>Remote</arg>
<arg>http://localhost:${PORT_NUMBER}/</arg>
<doc>Runs the specified keyword and retries if it fails.</doc>
<status status="NOT RUN" starttime="20251005 17:24:47.019" endtime="20251005 17:24:47.027"/>
</kw>
<status status="NOT RUN" starttime="20251005 17:24:47.018" endtime="20251005 17:24:47.027"/>
</branch>
<status status="PASS" starttime="20251005 17:24:47.018" endtime="20251005 17:24:47.027"/>
</if>
<kw name="Set Default Uart Timeout" library="Remote">
<arg>${DEFAULT_UART_TIMEOUT}</arg>
<msg timestamp="20251005 17:24:47.027" level="TRACE">Arguments: [ '8' ]</msg>
<msg timestamp="20251005 17:24:47.084" level="TRACE">Return: ''</msg>
<status status="PASS" starttime="20251005 17:24:47.027" endtime="20251005 17:24:47.085"/>
</kw>
<if>
<branch type="IF" condition="${SAVE_LOGS}">
<kw name="Enable Logging To Cache" library="Remote">
<msg timestamp="20251005 17:24:47.085" level="TRACE">Arguments: [  ]</msg>
<msg timestamp="20251005 17:24:47.094" level="TRACE">Return: ''</msg>
<status status="PASS" starttime="20251005 17:24:47.085" endtime="20251005 17:24:47.094"/>
</kw>
<status status="PASS" starttime="20251005 17:24:47.085" endtime="20251005 17:24:47.094"/>
</branch>
<status status="PASS" starttime="20251005 17:24:47.085" endtime="20251005 17:24:47.094"/>
</if>
<kw name="Set Variable" library="BuiltIn">
<var>${allowed_chars}</var>
<arg>abcdefghijklmnopqrstuvwxyz01234567890_-</arg>
<doc>Returns the given values which can then be assigned to a variables.</doc>
<msg timestamp="20251005 17:24:47.095" level="TRACE">Arguments: [ 'abcdefghijklmnopqrstuvwxyz01234567890_-' ]</msg>
<msg timestamp="20251005 17:24:47.095" level="TRACE">Return: 'abcdefghijklmnopqrstuvwxyz01234567890_-'</msg>
<msg timestamp="20251005 17:24:47.095" level="INFO">${allowed_chars} = abcdefghijklmnopqrstuvwxyz01234567890_-</msg>
<status status="PASS" starttime="20251005 17:24:47.094" endtime="20251005 17:24:47.095"/>
</kw>
<kw name="Convert To Lower Case" library="String">
<var>${metrics_fname}</var>
<arg>${SUITE_NAME}</arg>
<doc>Converts string to lower case.</doc>
<msg timestamp="20251005 17:24:47.096" level="TRACE">Arguments: [ 'basic_startup' ]</msg>
<msg timestamp="20251005 17:24:47.096" level="TRACE">Return: 'basic_startup'</msg>
<msg timestamp="20251005 17:24:47.096" level="INFO">${metrics_fname} = basic_startup</msg>
<status status="PASS" starttime="20251005 17:24:47.095" endtime="20251005 17:24:47.096"/>
</kw>
<kw name="Replace String" library="String">
<var>${metrics_fname}</var>
<arg>${metrics_fname}</arg>
<arg>${SPACE}</arg>
<arg>_</arg>
<doc>Replaces ``search_for`` in the given ``string`` with ``replace_with``.</doc>
<msg timestamp="20251005 17:24:47.096" level="TRACE">Arguments: [ 'basic_startup' | ' ' | '_' ]</msg>
<msg timestamp="20251005 17:24:47.096" level="TRACE">Return: 'basic_startup'</msg>
<msg timestamp="20251005 17:24:47.097" level="INFO">${metrics_fname} = basic_startup</msg>
<status status="PASS" starttime="20251005 17:24:47.096" endtime="20251005 17:24:47.097"/>
</kw>
<kw name="Replace String Using Regexp" library="String">
<var>${metrics_fname}</var>
<arg>${metrics_fname}</arg>
<arg>[^${allowed_chars}]+</arg>
<arg>${EMPTY}</arg>
<doc>Replaces ``pattern`` in the given ``string`` with ``replace_with``.</doc>
<msg timestamp="20251005 17:24:47.097" level="TRACE">Arguments: [ 'basic_startup' | '[^abcdefghijklmnopqrstuvwxyz01234567890_-]+' | '' ]</msg>
<msg timestamp="20251005 17:24:47.098" level="TRACE">Return: 'basic_startup'</msg>
<msg timestamp="20251005 17:24:47.098" level="INFO">${metrics_fname} = basic_startup</msg>
<status status="PASS" starttime="20251005 17:24:47.097" endtime="20251005 17:24:47.098"/>
</kw>
<kw name="Join Path" library="OperatingSystem">
<var>${metrics_path}</var>
<arg>${RESULTS_DIRECTORY}</arg>
<arg>profiler-${metrics_fname}</arg>
<doc>Joins the given path part(s) to the given base path.</doc>
<msg timestamp="20251005 17:24:47.098" level="TRACE">Arguments: [ '/workspace/' | 'profiler-basic_startup' ]</msg>
<msg timestamp="20251005 17:24:47.098" level="TRACE">Return: '/workspace/profiler-basic_startup'</msg>
<msg timestamp="20251005 17:24:47.098" level="INFO">${metrics_path} = /workspace/profiler-basic_startup</msg>
<status status="PASS" starttime="20251005 17:24:47.098" endtime="20251005 17:24:47.098"/>
</kw>
<if>
<branch type="IF" condition="${CREATE_EXECUTION_METRICS}">
<kw name="Execute Command" library="Remote">
<arg>EnableProfilerGlobally "${metrics_path}"</arg>
<status status="NOT RUN" starttime="20251005 17:24:47.100" endtime="20251005 17:24:47.100"/>
</kw>
<status status="NOT RUN" starttime="20251005 17:24:47.100" endtime="20251005 17:24:47.100"/>
</branch>
<status status="PASS" starttime="20251005 17:24:47.098" endtime="20251005 17:24:47.100"/>
</if>
<kw name="Reset Emulation" library="Remote">
<msg timestamp="20251005 17:24:47.100" level="TRACE">Arguments: [  ]</msg>
<msg timestamp="20251005 17:24:47.134" level="TRACE">Return: ''</msg>
<status status="PASS" starttime="20251005 17:24:47.100" endtime="20251005 17:24:47.134"/>
</kw>
<msg timestamp="20251005 17:24:47.135" level="TRACE">Return: None</msg>
<status status="PASS" starttime="20251005 17:24:43.941" endtime="20251005 17:24:47.135"/>
</kw>
<test id="s1-t1" name="Should Boot And Show Banner" line="15">
<kw name="Reset Emulation" library="Remote" type="SETUP">
<msg timestamp="20251005 17:24:47.138" level="TRACE">Arguments: [  ]</msg>
<msg timestamp="20251005 17:24:47.163" level="TRACE">Return: ''</msg>
<status status="PASS" starttime="20251005 17:24:47.136" endtime="20251005 17:24:47.163"/>
</kw>
<kw name="Execute Command" library="Remote">
<arg>$elf = @${ELF}</arg>
<msg timestamp="20251005 17:24:47.163" level="TRACE">Arguments: [ '$elf = @/workspace/renode/tests/../../target/thumbv7em-none-eabihf/release/joint_firmware' ]</msg>
<msg timestamp="20251005 17:24:47.217" level="TRACE">Return: ''</msg>
<status status="PASS" starttime="20251005 17:24:47.163" endtime="20251005 17:24:47.217"/>
</kw>
<kw name="Execute Command" library="Remote">
<arg>mach create</arg>
<msg timestamp="20251005 17:24:47.217" level="TRACE">Arguments: [ 'mach create' ]</msg>
<msg timestamp="20251005 17:24:47.316" level="TRACE">Return: ''</msg>
<status status="PASS" starttime="20251005 17:24:47.217" endtime="20251005 17:24:47.316"/>
</kw>
<kw name="Execute Command" library="Remote">
<arg>machine LoadPlatformDescription @/workspace/renode/tests/../stm32g431cb.repl</arg>
<msg timestamp="20251005 17:24:47.317" level="TRACE">Arguments: [ 'machine LoadPlatformDescription @/workspace/renode/tests/../stm32g431cb.repl' ]</msg>
<msg timestamp="20251005 17:24:51.032" level="TRACE">Return: ''</msg>
<status status="PASS" starttime="20251005 17:24:47.316" endtime="20251005 17:24:51.032"/>
</kw>
<kw name="Execute Command" library="Remote">
<arg>sysbus LoadELF $elf</arg>
<msg timestamp="20251005 17:24:51.033" level="TRACE">Arguments: [ 'sysbus LoadELF $elf' ]</msg>
<msg timestamp="20251005 17:24:51.156" level="TRACE">Return: ''</msg>
<status status="PASS" starttime="20251005 17:24:51.033" endtime="20251005 17:24:51.156"/>
</kw>
<kw name="Create Terminal Tester" library="Remote">
<arg>${UART}</arg>
<msg timestamp="20251005 17:24:51.156" level="TRACE">Arguments: [ 'sysbus.usart1' ]</msg>
<msg timestamp="20251005 17:24:51.174" level="TRACE">Return: 0</msg>
<status status="PASS" starttime="20251005 17:24:51.156" endtime="20251005 17:24:51.174"/>
</kw>
<kw name="Start Emulation" library="Remote">
<msg timestamp="20251005 17:24:51.175" level="TRACE">Arguments: [  ]</msg>
<msg timestamp="20251005 17:24:51.382" level="TRACE">Return: ''</msg>
<status status="PASS" starttime="20251005 17:24:51.175" endtime="20251005 17:24:51.382"/>
</kw>
<kw name="Wait For Line On Uart" library="Remote">
<arg>CLN17 v2.0 Joint Firmware</arg>
<arg>timeout=${LOG_TIMEOUT}</arg>
<msg timestamp="20251005 17:24:51.382" level="TRACE">Arguments: [ 'CLN17 v2.0 Joint Firmware' | 'timeout=5' ]</msg>
<msg timestamp="20251005 17:24:52.683" level="TRACE">Return: {'groups': [], 'line': '  CLN17 v2.0 Joint Firmware', 'timestamp': 0.073}</msg>
<status status="PASS" starttime="20251005 17:24:51.382" endtime="20251005 17:24:52.684"/>
</kw>
<kw name="Wait For Line On Uart" library="Remote">
<arg>STM32G431CB</arg>
<arg>timeout=${LOG_TIMEOUT}</arg>
<msg timestamp="20251005 17:24:52.690" level="TRACE">Arguments: [ 'STM32G431CB' | 'timeout=5' ]</msg>
<msg timestamp="20251005 17:24:52.742" level="TRACE">Return: {'groups': [], 'line': '  Target: STM32G431CB @ 170 MHz', 'timestamp': 0.077}</msg>
<status status="PASS" starttime="20251005 17:24:52.684" endtime="20251005 17:24:52.743"/>
</kw>
<kw name="Test Teardown" library="renode-keywords" type="TEARDOWN">
<msg timestamp="20251005 17:24:52.743" level="TRACE">Arguments: [  ]</msg>
<kw name="Stop Profiler" library="renode-keywords">
<msg timestamp="20251005 17:24:52.743" level="TRACE">Arguments: [  ]</msg>
<if>
<branch type="IF" condition="${PROFILER_PROCESS}">
<kw name="Terminate Process" library="Process">
<arg>${PROFILER_PROCESS}</arg>
<doc>Stops the process gracefully or forcefully.</doc>
<status status="NOT RUN" starttime="20251005 17:24:52.744" endtime="20251005 17:24:52.744"/>
</kw>
<kw name="Set Test Variable" library="BuiltIn">
<arg>${PROFILER_PROCESS}</arg>
<arg>None</arg>
<doc>Makes a variable available everywhere within the scope of the current test.</doc>
<status status="NOT RUN" starttime="20251005 17:24:52.744" endtime="20251005 17:24:52.744"/>
</kw>
<status status="NOT RUN" starttime="20251005 17:24:52.743" endtime="20251005 17:24:52.744"/>
</branch>
<status status="PASS" starttime="20251005 17:24:52.743" endtime="20251005 17:24:52.744"/>
</if>
<msg timestamp="20251005 17:24:52.744" level="TRACE">Return: None</msg>
<status status="PASS" starttime="20251005 17:24:52.743" endtime="20251005 17:24:52.744"/>
</kw>
<if>
<branch type="IF" condition="${CREATE_SNAPSHOT_ON_FAIL}">
<kw name="Run Keyword If Test Failed" library="BuiltIn">
<arg>Create Snapshot Of Failed Test</arg>
<doc>Runs the given keyword with the given arguments, if the test failed.</doc>
<msg timestamp="20251005 17:24:52.744" level="TRACE">Arguments: [ 'Create Snapshot Of Failed Test' ]</msg>
<msg timestamp="20251005 17:24:52.744" level="TRACE">Return: None</msg>
<status status="PASS" starttime="20251005 17:24:52.744" endtime="20251005 17:24:52.744"/>
</kw>
<status status="PASS" starttime="20251005 17:24:52.744" endtime="20251005 17:24:52.744"/>
</branch>
<status status="PASS" starttime="20251005 17:24:52.744" endtime="20251005 17:24:52.744"/>
</if>
<if>
<branch type="IF" condition="${SAVE_LOGS}">
<if>
<branch type="IF" condition="&quot;${SAVE_LOGS_WHEN}&quot; == &quot;Always&quot;">
<kw name="Save Test Log" library="renode-keywords">
<status status="NOT RUN" starttime="20251005 17:24:52.745" endtime="20251005 17:24:52.745"/>
</kw>
<status status="NOT RUN" starttime="20251005 17:24:52.745" endtime="20251005 17:24:52.745"/>
</branch>
<branch type="ELSE IF" condition="&quot;${SAVE_LOGS_WHEN}&quot; == &quot;Fail&quot;">
<kw name="Run Keyword If Test Failed" library="BuiltIn">
<arg>Save Test Log</arg>
<doc>Runs the given keyword with the given arguments, if the test failed.</doc>
<msg timestamp="20251005 17:24:52.745" level="TRACE">Arguments: [ 'Save Test Log' ]</msg>
<msg timestamp="20251005 17:24:52.745" level="TRACE">Return: None</msg>
<status status="PASS" starttime="20251005 17:24:52.745" endtime="20251005 17:24:52.745"/>
</kw>
<status status="PASS" starttime="20251005 17:24:52.745" endtime="20251005 17:24:52.745"/>
</branch>
<status status="PASS" starttime="20251005 17:24:52.745" endtime="20251005 17:24:52.745"/>
</if>
<status status="PASS" starttime="20251005 17:24:52.744" endtime="20251005 17:24:52.745"/>
</branch>
<status status="PASS" starttime="20251005 17:24:52.744" endtime="20251005 17:24:52.745"/>
</if>
<kw name="Run Keyword And Ignore Error" library="BuiltIn">
<var>${res}</var>
<arg>Import Library</arg>
<arg>Dialogs</arg>
<doc>Runs the given keyword with the given arguments and ignores possible error.</doc>
<msg timestamp="20251005 17:24:52.745" level="TRACE">Arguments: [ 'Import Library' | 'Dialogs' ]</msg>
<kw name="Import Library" library="BuiltIn">
<arg>Dialogs</arg>
<doc>Imports a library with the given name and optional arguments.</doc>
<msg timestamp="20251005 17:24:52.746" level="TRACE">Arguments: [ 'Dialogs' ]</msg>
<msg timestamp="20251005 17:24:52.764" level="TRACE">Return: None</msg>
<msg timestamp="20251005 17:24:52.764" level="FAIL">Importing library 'robot.libraries.Dialogs' failed: ModuleNotFoundError: No module named 'tkinter'
Traceback (most recent call last):
  None
PYTHONPATH:
  /opt/renode/tests
  /usr/lib/python310.zip
  /usr/lib/python3.10
  /usr/lib/python3.10/lib-dynload
  /usr/local/lib/python3.10/dist-packages
  /usr/lib/python3/dist-packages</msg>
<msg timestamp="20251005 17:24:52.764" level="DEBUG">ModuleNotFoundError: No module named 'Tkinter'

During handling of the above exception, another exception occurred:

ModuleNotFoundError: No module named 'tkinter'

During handling of the above exception, another exception occurred:

robot.errors.DataError: ModuleNotFoundError: No module named 'tkinter'
Traceback (most recent call last):
  None
PYTHONPATH:
  /opt/renode/tests
  /usr/lib/python310.zip
  /usr/lib/python3.10
  /usr/lib/python3.10/lib-dynload
  /usr/local/lib/python3.10/dist-packages
  /usr/lib/python3/dist-packages

During handling of the above exception, another exception occurred:

robot.errors.DataError: Importing library 'robot.libraries.Dialogs' failed: ModuleNotFoundError: No module named 'tkinter'
Traceback (most recent call last):
  None
PYTHONPATH:
  /opt/renode/tests
  /usr/lib/python310.zip
  /usr/lib/python3.10
  /usr/lib/python3.10/lib-dynload
  /usr/local/lib/python3.10/dist-packages
  /usr/lib/python3/dist-packages

During handling of the above exception, another exception occurred:

RuntimeError: Importing library 'robot.libraries.Dialogs' failed: ModuleNotFoundError: No module named 'tkinter'
Traceback (most recent call last):
  None
PYTHONPATH:
  /opt/renode/tests
  /usr/lib/python310.zip
  /usr/lib/python3.10
  /usr/lib/python3.10/lib-dynload
  /usr/local/lib/python3.10/dist-packages
  /usr/lib/python3/dist-packages</msg>
<status status="FAIL" starttime="20251005 17:24:52.745" endtime="20251005 17:24:52.764"/>
</kw>
<msg timestamp="20251005 17:24:52.764" level="TRACE">Return: ('FAIL',
 "Importing library 'robot.libraries.Dialogs' failed: ModuleNotFoundError: No module named 'tkinter'\nTraceback (most recent call last):\n  None\nPYTHONPATH:\n  /opt/renode/tests\n  /usr/lib/python310.zip\n  /usr/lib/python3.10\n  /usr/lib/python3.10/lib-dynload\n  /usr/local/lib/python3.10/dist-packages\n  /usr/lib/python3/dist-packages")</msg>
<msg timestamp="20251005 17:24:52.764" level="INFO">${res} = ('FAIL', "Importing library 'robot.libraries.Dialogs' failed: ModuleNotFoundError: No module named 'tkinter'\nTraceback (most recent call last):\n  None\nPYTHONPATH:\n  /opt/renode/tests\n  /usr/lib/p...</msg>
<status status="PASS" starttime="20251005 17:24:52.745" endtime="20251005 17:24:52.764"/>
</kw>
<if>
<branch type="IF" condition="${HOLD_ON_ERROR}">
<kw name="Run Keyword If Test Failed" library="BuiltIn">
<arg>Run Keywords</arg>
<arg>Run Keyword If</arg>
<arg>'${res[0]}' == 'FAIL'</arg>
<arg>Log</arg>
<arg>Couldn't load the Dialogs library - interactive debugging is not possible</arg>
<arg>console=True</arg>
<arg>AND</arg>
<arg>Run Keyword If</arg>
<arg>'${res[0]}' != 'FAIL'</arg>
<arg>Open GUI</arg>
<arg>AND</arg>
<arg>Run Keyword If</arg>
<arg>'${res[0]}' != 'FAIL'</arg>
<arg>Pause Execution</arg>
<arg>Test failed. Press OK once done debugging.</arg>
<arg>AND</arg>
<arg>Run Keyword If</arg>
<arg>'${res[0]}' != 'FAIL'</arg>
<arg>Close GUI</arg>
<doc>Runs the given keyword with the given arguments, if the test failed.</doc>
<status status="NOT RUN" starttime="20251005 17:24:52.765" endtime="20251005 17:24:52.765"/>
</kw>
<status status="NOT RUN" starttime="20251005 17:24:52.764" endtime="20251005 17:24:52.765"/>
</branch>
<status status="PASS" starttime="20251005 17:24:52.764" endtime="20251005 17:24:52.765"/>
</if>
<kw name="Reset Emulation" library="Remote">
<msg timestamp="20251005 17:24:52.765" level="TRACE">Arguments: [  ]</msg>
<msg timestamp="20251005 17:24:53.045" level="TRACE">Return: ''</msg>
<status status="PASS" starttime="20251005 17:24:52.765" endtime="20251005 17:24:53.045"/>
</kw>
<kw name="Clear Cached Log" library="Remote">
<msg timestamp="20251005 17:24:53.049" level="TRACE">Arguments: [  ]</msg>
<msg timestamp="20251005 17:24:53.077" level="TRACE">Return: ''</msg>
<status status="PASS" starttime="20251005 17:24:53.049" endtime="20251005 17:24:53.077"/>
</kw>
<msg timestamp="20251005 17:24:53.077" level="TRACE">Return: None</msg>
<status status="PASS" starttime="20251005 17:24:52.743" endtime="20251005 17:24:53.077"/>
</kw>
<doc>Firmware should boot and print initialization banner</doc>
<status status="PASS" starttime="20251005 17:24:47.135" endtime="20251005 17:24:53.077"/>
</test>
<test id="s1-t2" name="Should Initialize System" line="28">
<kw name="Reset Emulation" library="Remote" type="SETUP">
<msg timestamp="20251005 17:24:53.078" level="TRACE">Arguments: [  ]</msg>
<msg timestamp="20251005 17:24:53.105" level="TRACE">Return: ''</msg>
<status status="PASS" starttime="20251005 17:24:53.078" endtime="20251005 17:24:53.106"/>
</kw>
<kw name="Execute Command" library="Remote">
<arg>$elf = @${ELF}</arg>
<msg timestamp="20251005 17:24:53.106" level="TRACE">Arguments: [ '$elf = @/workspace/renode/tests/../../target/thumbv7em-none-eabihf/release/joint_firmware' ]</msg>
<msg timestamp="20251005 17:24:53.114" level="TRACE">Return: ''</msg>
<status status="PASS" starttime="20251005 17:24:53.106" endtime="20251005 17:24:53.114"/>
</kw>
<kw name="Execute Command" library="Remote">
<arg>mach create</arg>
<msg timestamp="20251005 17:24:53.114" level="TRACE">Arguments: [ 'mach create' ]</msg>
<msg timestamp="20251005 17:24:53.127" level="TRACE">Return: ''</msg>
<status status="PASS" starttime="20251005 17:24:53.114" endtime="20251005 17:24:53.127"/>
</kw>
<kw name="Execute Command" library="Remote">
<arg>machine LoadPlatformDescription @/workspace/renode/tests/../stm32g431cb.repl</arg>
<msg timestamp="20251005 17:24:53.127" level="TRACE">Arguments: [ 'machine LoadPlatformDescription @/workspace/renode/tests/../stm32g431cb.repl' ]</msg>
<msg timestamp="20251005 17:24:54.434" level="TRACE">Return: ''</msg>
<status status="PASS" starttime="20251005 17:24:53.127" endtime="20251005 17:24:54.435"/>
</kw>
<kw name="Execute Command" library="Remote">
<arg>sysbus LoadELF $elf</arg>
<msg timestamp="20251005 17:24:54.458" level="TRACE">Arguments: [ 'sysbus LoadELF $elf' ]</msg>
<msg timestamp="20251005 17:24:54.570" level="TRACE">Return: ''</msg>
<status status="PASS" starttime="20251005 17:24:54.458" endtime="20251005 17:24:54.570"/>
</kw>
<kw name="Create Terminal Tester" library="Remote">
<arg>${UART}</arg>
<msg timestamp="20251005 17:24:54.571" level="TRACE">Arguments: [ 'sysbus.usart1' ]</msg>
<msg timestamp="20251005 17:24:54.688" level="TRACE">Return: 0</msg>
<status status="PASS" starttime="20251005 17:24:54.570" endtime="20251005 17:24:54.689"/>
</kw>
<kw name="Start Emulation" library="Remote">
<msg timestamp="20251005 17:24:54.689" level="TRACE">Arguments: [  ]</msg>
<msg timestamp="20251005 17:24:54.854" level="TRACE">Return: ''</msg>
<status status="PASS" starttime="20251005 17:24:54.689" endtime="20251005 17:24:54.854"/>
</kw>
<kw name="Wait For Line On Uart" library="Remote">
<arg>Joint Firmware Initialization</arg>
<arg>timeout=${LOG_TIMEOUT}</arg>
<msg timestamp="20251005 17:24:54.855" level="TRACE">Arguments: [ 'Joint Firmware Initialization' | 'timeout=5' ]</msg>
<msg timestamp="20251005 17:24:54.990" level="TRACE">Return: {'groups': [], 'line': 'Joint Firmware Initialization', 'timestamp': 0.257}</msg>
<status status="PASS" starttime="20251005 17:24:54.855" endtime="20251005 17:24:54.991"/>
</kw>
<kw name="Wait For Line On Uart" library="Remote">
<arg>System Ready</arg>
<arg>timeout=${LOG_TIMEOUT}</arg>
<msg timestamp="20251005 17:24:54.991" level="TRACE">Arguments: [ 'System Ready' | 'timeout=5' ]</msg>
<msg timestamp="20251005 17:24:55.044" level="TRACE">Return: {'groups': [], 'line': 'System Ready', 'timestamp': 0.277}</msg>
<status status="PASS" starttime="20251005 17:24:54.991" endtime="20251005 17:24:55.044"/>
</kw>
<kw name="Test Teardown" library="renode-keywords" type="TEARDOWN">
<msg timestamp="20251005 17:24:55.045" level="TRACE">Arguments: [  ]</msg>
<kw name="Stop Profiler" library="renode-keywords">
<msg timestamp="20251005 17:24:55.045" level="TRACE">Arguments: [  ]</msg>
<if>
<branch type="IF" condition="${PROFILER_PROCESS}">
<kw name="Terminate Process" library="Process">
<arg>${PROFILER_PROCESS}</arg>
<doc>Stops the process gracefully or forcefully.</doc>
<status status="NOT RUN" starttime="20251005 17:24:55.045" endtime="20251005 17:24:55.045"/>
</kw>
<kw name="Set Test Variable" library="BuiltIn">
<arg>${PROFILER_PROCESS}</arg>
<arg>None</arg>
<doc>Makes a variable available everywhere within the scope of the current test.</doc>
<status status="NOT RUN" starttime="20251005 17:24:55.046" endtime="20251005 17:24:55.046"/>
</kw>
<status status="NOT RUN" starttime="20251005 17:24:55.045" endtime="20251005 17:24:55.046"/>
</branch>
<status status="PASS" starttime="20251005 17:24:55.045" endtime="20251005 17:24:55.046"/>
</if>
<msg timestamp="20251005 17:24:55.046" level="TRACE">Return: None</msg>
<status status="PASS" starttime="20251005 17:24:55.045" endtime="20251005 17:24:55.046"/>
</kw>
<if>
<branch type="IF" condition="${CREATE_SNAPSHOT_ON_FAIL}">
<kw name="Run Keyword If Test Failed" library="BuiltIn">
<arg>Create Snapshot Of Failed Test</arg>
<doc>Runs the given keyword with the given arguments, if the test failed.</doc>
<msg timestamp="20251005 17:24:55.046" level="TRACE">Arguments: [ 'Create Snapshot Of Failed Test' ]</msg>
<msg timestamp="20251005 17:24:55.046" level="TRACE">Return: None</msg>
<status status="PASS" starttime="20251005 17:24:55.046" endtime="20251005 17:24:55.046"/>
</kw>
<status status="PASS" starttime="20251005 17:24:55.046" endtime="20251005 17:24:55.046"/>
</branch>
<status status="PASS" starttime="20251005 17:24:55.046" endtime="20251005 17:24:55.046"/>
</if>
<if>
<branch type="IF" condition="${SAVE_LOGS}">
<if>
<branch type="IF" condition="&quot;${SAVE_LOGS_WHEN}&quot; == &quot;Always&quot;">
<kw name="Save Test Log" library="renode-keywords">
<status status="NOT RUN" starttime="20251005 17:24:55.047" endtime="20251005 17:24:55.047"/>
</kw>
<status status="NOT RUN" starttime="20251005 17:24:55.047" endtime="20251005 17:24:55.047"/>
</branch>
<branch type="ELSE IF" condition="&quot;${SAVE_LOGS_WHEN}&quot; == &quot;Fail&quot;">
<kw name="Run Keyword If Test Failed" library="BuiltIn">
<arg>Save Test Log</arg>
<doc>Runs the given keyword with the given arguments, if the test failed.</doc>
<msg timestamp="20251005 17:24:55.047" level="TRACE">Arguments: [ 'Save Test Log' ]</msg>
<msg timestamp="20251005 17:24:55.047" level="TRACE">Return: None</msg>
<status status="PASS" starttime="20251005 17:24:55.047" endtime="20251005 17:24:55.047"/>
</kw>
<status status="PASS" starttime="20251005 17:24:55.047" endtime="20251005 17:24:55.047"/>
</branch>
<status status="PASS" starttime="20251005 17:24:55.047" endtime="20251005 17:24:55.047"/>
</if>
<status status="PASS" starttime="20251005 17:24:55.047" endtime="20251005 17:24:55.047"/>
</branch>
<status status="PASS" starttime="20251005 17:24:55.047" endtime="20251005 17:24:55.047"/>
</if>
<kw name="Run Keyword And Ignore Error" library="BuiltIn">
<var>${res}</var>
<arg>Import Library</arg>
<arg>Dialogs</arg>
<doc>Runs the given keyword with the given arguments and ignores possible error.</doc>
<msg timestamp="20251005 17:24:55.048" level="TRACE">Arguments: [ 'Import Library' | 'Dialogs' ]</msg>
<kw name="Import Library" library="BuiltIn">
<arg>Dialogs</arg>
<doc>Imports a library with the given name and optional arguments.</doc>
<msg timestamp="20251005 17:24:55.048" level="TRACE">Arguments: [ 'Dialogs' ]</msg>
<msg timestamp="20251005 17:24:55.061" level="TRACE">Return: None</msg>
<msg timestamp="20251005 17:24:55.061" level="FAIL">Importing library 'robot.libraries.Dialogs' failed: ModuleNotFoundError: No module named 'tkinter'
Traceback (most recent call last):
  None
PYTHONPATH:
  /opt/renode/tests
  /usr/lib/python310.zip
  /usr/lib/python3.10
  /usr/lib/python3.10/lib-dynload
  /usr/local/lib/python3.10/dist-packages
  /usr/lib/python3/dist-packages</msg>
<msg timestamp="20251005 17:24:55.062" level="DEBUG">ModuleNotFoundError: No module named 'Tkinter'

During handling of the above exception, another exception occurred:

ModuleNotFoundError: No module named 'tkinter'

During handling of the above exception, another exception occurred:

robot.errors.DataError: ModuleNotFoundError: No module named 'tkinter'
Traceback (most recent call last):
  None
PYTHONPATH:
  /opt/renode/tests
  /usr/lib/python310.zip
  /usr/lib/python3.10
  /usr/lib/python3.10/lib-dynload
  /usr/local/lib/python3.10/dist-packages
  /usr/lib/python3/dist-packages

During handling of the above exception, another exception occurred:

robot.errors.DataError: Importing library 'robot.libraries.Dialogs' failed: ModuleNotFoundError: No module named 'tkinter'
Traceback (most recent call last):
  None
PYTHONPATH:
  /opt/renode/tests
  /usr/lib/python310.zip
  /usr/lib/python3.10
  /usr/lib/python3.10/lib-dynload
  /usr/local/lib/python3.10/dist-packages
  /usr/lib/python3/dist-packages

During handling of the above exception, another exception occurred:

RuntimeError: Importing library 'robot.libraries.Dialogs' failed: ModuleNotFoundError: No module named 'tkinter'
Traceback (most recent call last):
  None
PYTHONPATH:
  /opt/renode/tests
  /usr/lib/python310.zip
  /usr/lib/python3.10
  /usr/lib/python3.10/lib-dynload
  /usr/local/lib/python3.10/dist-packages
  /usr/lib/python3/dist-packages</msg>
<status status="FAIL" starttime="20251005 17:24:55.048" endtime="20251005 17:24:55.062"/>
</kw>
<msg timestamp="20251005 17:24:55.062" level="TRACE">Return: ('FAIL',
 "Importing library 'robot.libraries.Dialogs' failed: ModuleNotFoundError: No module named 'tkinter'\nTraceback (most recent call last):\n  None\nPYTHONPATH:\n  /opt/renode/tests\n  /usr/lib/python310.zip\n  /usr/lib/python3.10\n  /usr/lib/python3.10/lib-dynload\n  /usr/local/lib/python3.10/dist-packages\n  /usr/lib/python3/dist-packages")</msg>
<msg timestamp="20251005 17:24:55.062" level="INFO">${res} = ('FAIL', "Importing library 'robot.libraries.Dialogs' failed: ModuleNotFoundError: No module named 'tkinter'\nTraceback (most recent call last):\n  None\nPYTHONPATH:\n  /opt/renode/tests\n  /usr/lib/p...</msg>
<status status="PASS" starttime="20251005 17:24:55.048" endtime="20251005 17:24:55.062"/>
</kw>
<if>
<branch type="IF" condition="${HOLD_ON_ERROR}">
<kw name="Run Keyword If Test Failed" library="BuiltIn">
<arg>Run Keywords</arg>
<arg>Run Keyword If</arg>
<arg>'${res[0]}' == 'FAIL'</arg>
<arg>Log</arg>
<arg>Couldn't load the Dialogs library - interactive debugging is not possible</arg>
<arg>console=True</arg>
<arg>AND</arg>
<arg>Run Keyword If</arg>
<arg>'${res[0]}' != 'FAIL'</arg>
<arg>Open GUI</arg>
<arg>AND</arg>
<arg>Run Keyword If</arg>
<arg>'${res[0]}' != 'FAIL'</arg>
<arg>Pause Execution</arg>
<arg>Test failed. Press OK once done debugging.</arg>
<arg>AND</arg>
<arg>Run Keyword If</arg>
<arg>'${res[0]}' != 'FAIL'</arg>
<arg>Close GUI</arg>
<doc>Runs the given keyword with the given arguments, if the test failed.</doc>
<status status="NOT RUN" starttime="20251005 17:24:55.063" endtime="20251005 17:24:55.063"/>
</kw>
<status status="NOT RUN" starttime="20251005 17:24:55.062" endtime="20251005 17:24:55.063"/>
</branch>
<status status="PASS" starttime="20251005 17:24:55.062" endtime="20251005 17:24:55.063"/>
</if>
<kw name="Reset Emulation" library="Remote">
<msg timestamp="20251005 17:24:55.063" level="TRACE">Arguments: [  ]</msg>
<msg timestamp="20251005 17:24:55.417" level="TRACE">Return: ''</msg>
<status status="PASS" starttime="20251005 17:24:55.063" endtime="20251005 17:24:55.417"/>
</kw>
<kw name="Clear Cached Log" library="Remote">
<msg timestamp="20251005 17:24:55.417" level="TRACE">Arguments: [  ]</msg>
<msg timestamp="20251005 17:24:55.426" level="TRACE">Return: ''</msg>
<status status="PASS" starttime="20251005 17:24:55.417" endtime="20251005 17:24:55.426"/>
</kw>
<msg timestamp="20251005 17:24:55.427" level="TRACE">Return: None</msg>
<status status="PASS" starttime="20251005 17:24:55.045" endtime="20251005 17:24:55.427"/>
</kw>
<doc>System should complete initialization</doc>
<status status="PASS" starttime="20251005 17:24:53.077" endtime="20251005 17:24:55.427"/>
</test>
<test id="s1-t3" name="Should Start Heartbeat" line="41">
<kw name="Reset Emulation" library="Remote" type="SETUP">
<msg timestamp="20251005 17:24:55.428" level="TRACE">Arguments: [  ]</msg>
<msg timestamp="20251005 17:24:55.449" level="TRACE">Return: ''</msg>
<status status="PASS" starttime="20251005 17:24:55.428" endtime="20251005 17:24:55.450"/>
</kw>
<kw name="Execute Command" library="Remote">
<arg>$elf = @${ELF}</arg>
<msg timestamp="20251005 17:24:55.450" level="TRACE">Arguments: [ '$elf = @/workspace/renode/tests/../../target/thumbv7em-none-eabihf/release/joint_firmware' ]</msg>
<msg timestamp="20251005 17:24:55.475" level="TRACE">Return: ''</msg>
<status status="PASS" starttime="20251005 17:24:55.450" endtime="20251005 17:24:55.475"/>
</kw>
<kw name="Execute Command" library="Remote">
<arg>mach create</arg>
<msg timestamp="20251005 17:24:55.476" level="TRACE">Arguments: [ 'mach create' ]</msg>
<msg timestamp="20251005 17:24:55.507" level="TRACE">Return: ''</msg>
<status status="PASS" starttime="20251005 17:24:55.475" endtime="20251005 17:24:55.507"/>
</kw>
<kw name="Execute Command" library="Remote">
<arg>machine LoadPlatformDescription @/workspace/renode/tests/../stm32g431cb.repl</arg>
<msg timestamp="20251005 17:24:55.508" level="TRACE">Arguments: [ 'machine LoadPlatformDescription @/workspace/renode/tests/../stm32g431cb.repl' ]</msg>
<msg timestamp="20251005 17:24:56.966" level="TRACE">Return: ''</msg>
<status status="PASS" starttime="20251005 17:24:55.508" endtime="20251005 17:24:56.966"/>
</kw>
<kw name="Execute Command" library="Remote">
<arg>sysbus LoadELF $elf</arg>
<msg timestamp="20251005 17:24:56.967" level="TRACE">Arguments: [ 'sysbus LoadELF $elf' ]</msg>
<msg timestamp="20251005 17:24:57.043" level="TRACE">Return: ''</msg>
<status status="PASS" starttime="20251005 17:24:56.967" endtime="20251005 17:24:57.043"/>
</kw>
<kw name="Create Terminal Tester" library="Remote">
<arg>${UART}</arg>
<msg timestamp="20251005 17:24:57.043" level="TRACE">Arguments: [ 'sysbus.usart1' ]</msg>
<msg timestamp="20251005 17:24:57.051" level="TRACE">Return: 0</msg>
<status status="PASS" starttime="20251005 17:24:57.043" endtime="20251005 17:24:57.051"/>
</kw>
<kw name="Start Emulation" library="Remote">
<msg timestamp="20251005 17:24:57.052" level="TRACE">Arguments: [  ]</msg>
<msg timestamp="20251005 17:24:57.195" level="TRACE">Return: ''</msg>
<status status="PASS" starttime="20251005 17:24:57.052" endtime="20251005 17:24:57.195"/>
</kw>
<kw name="Wait For Line On Uart" library="Remote">
<arg>System heartbeat: 1 sec</arg>
<arg>timeout=2</arg>
<msg timestamp="20251005 17:24:57.195" level="TRACE">Arguments: [ 'System heartbeat: 1 sec' | 'timeout=2' ]</msg>
<msg timestamp="20251005 17:24:59.079" level="TRACE">Return: {'groups': [], 'line': 'System heartbeat: 1 sec', 'timestamp': 1016.009}</msg>
<status status="PASS" starttime="20251005 17:24:57.195" endtime="20251005 17:24:59.079"/>
</kw>
<kw name="Wait For Line On Uart" library="Remote">
<arg>System heartbeat: 2 sec</arg>
<arg>timeout=2</arg>
<msg timestamp="20251005 17:24:59.079" level="TRACE">Arguments: [ 'System heartbeat: 2 sec' | 'timeout=2' ]</msg>
<msg timestamp="20251005 17:25:00.626" level="TRACE">Return: {'groups': [], 'line': 'System heartbeat: 2 sec', 'timestamp': 2031.706}</msg>
<status status="PASS" starttime="20251005 17:24:59.079" endtime="20251005 17:25:00.626"/>
</kw>
<kw name="Wait For Line On Uart" library="Remote">
<arg>System heartbeat: 3 sec</arg>
<arg>timeout=2</arg>
<msg timestamp="20251005 17:25:00.626" level="TRACE">Arguments: [ 'System heartbeat: 3 sec' | 'timeout=2' ]</msg>
<msg timestamp="20251005 17:25:02.309" level="TRACE">Return: {'groups': [], 'line': 'System heartbeat: 3 sec', 'timestamp': 3047.506}</msg>
<status status="PASS" starttime="20251005 17:25:00.626" endtime="20251005 17:25:02.310"/>
</kw>
<kw name="Test Teardown" library="renode-keywords" type="TEARDOWN">
<msg timestamp="20251005 17:25:02.310" level="TRACE">Arguments: [  ]</msg>
<kw name="Stop Profiler" library="renode-keywords">
<msg timestamp="20251005 17:25:02.311" level="TRACE">Arguments: [  ]</msg>
<if>
<branch type="IF" condition="${PROFILER_PROCESS}">
<kw name="Terminate Process" library="Process">
<arg>${PROFILER_PROCESS}</arg>
<doc>Stops the process gracefully or forcefully.</doc>
<status status="NOT RUN" starttime="20251005 17:25:02.315" endtime="20251005 17:25:02.315"/>
</kw>
<kw name="Set Test Variable" library="BuiltIn">
<arg>${PROFILER_PROCESS}</arg>
<arg>None</arg>
<doc>Makes a variable available everywhere within the scope of the current test.</doc>
<status status="NOT RUN" starttime="20251005 17:25:02.315" endtime="20251005 17:25:02.315"/>
</kw>
<status status="NOT RUN" starttime="20251005 17:25:02.314" endtime="20251005 17:25:02.315"/>
</branch>
<status status="PASS" starttime="20251005 17:25:02.314" endtime="20251005 17:25:02.315"/>
</if>
<msg timestamp="20251005 17:25:02.315" level="TRACE">Return: None</msg>
<status status="PASS" starttime="20251005 17:25:02.310" endtime="20251005 17:25:02.315"/>
</kw>
<if>
<branch type="IF" condition="${CREATE_SNAPSHOT_ON_FAIL}">
<kw name="Run Keyword If Test Failed" library="BuiltIn">
<arg>Create Snapshot Of Failed Test</arg>
<doc>Runs the given keyword with the given arguments, if the test failed.</doc>
<msg timestamp="20251005 17:25:02.316" level="TRACE">Arguments: [ 'Create Snapshot Of Failed Test' ]</msg>
<msg timestamp="20251005 17:25:02.316" level="TRACE">Return: None</msg>
<status status="PASS" starttime="20251005 17:25:02.315" endtime="20251005 17:25:02.316"/>
</kw>
<status status="PASS" starttime="20251005 17:25:02.315" endtime="20251005 17:25:02.316"/>
</branch>
<status status="PASS" starttime="20251005 17:25:02.315" endtime="20251005 17:25:02.316"/>
</if>
<if>
<branch type="IF" condition="${SAVE_LOGS}">
<if>
<branch type="IF" condition="&quot;${SAVE_LOGS_WHEN}&quot; == &quot;Always&quot;">
<kw name="Save Test Log" library="renode-keywords">
<status status="NOT RUN" starttime="20251005 17:25:02.316" endtime="20251005 17:25:02.316"/>
</kw>
<status status="NOT RUN" starttime="20251005 17:25:02.316" endtime="20251005 17:25:02.316"/>
</branch>
<branch type="ELSE IF" condition="&quot;${SAVE_LOGS_WHEN}&quot; == &quot;Fail&quot;">
<kw name="Run Keyword If Test Failed" library="BuiltIn">
<arg>Save Test Log</arg>
<doc>Runs the given keyword with the given arguments, if the test failed.</doc>
<msg timestamp="20251005 17:25:02.316" level="TRACE">Arguments: [ 'Save Test Log' ]</msg>
<msg timestamp="20251005 17:25:02.316" level="TRACE">Return: None</msg>
<status status="PASS" starttime="20251005 17:25:02.316" endtime="20251005 17:25:02.317"/>
</kw>
<status status="PASS" starttime="20251005 17:25:02.316" endtime="20251005 17:25:02.317"/>
</branch>
<status status="PASS" starttime="20251005 17:25:02.316" endtime="20251005 17:25:02.317"/>
</if>
<status status="PASS" starttime="20251005 17:25:02.316" endtime="20251005 17:25:02.317"/>
</branch>
<status status="PASS" starttime="20251005 17:25:02.316" endtime="20251005 17:25:02.317"/>
</if>
<kw name="Run Keyword And Ignore Error" library="BuiltIn">
<var>${res}</var>
<arg>Import Library</arg>
<arg>Dialogs</arg>
<doc>Runs the given keyword with the given arguments and ignores possible error.</doc>
<msg timestamp="20251005 17:25:02.317" level="TRACE">Arguments: [ 'Import Library' | 'Dialogs' ]</msg>
<kw name="Import Library" library="BuiltIn">
<arg>Dialogs</arg>
<doc>Imports a library with the given name and optional arguments.</doc>
<msg timestamp="20251005 17:25:02.317" level="TRACE">Arguments: [ 'Dialogs' ]</msg>
<msg timestamp="20251005 17:25:02.331" level="TRACE">Return: None</msg>
<msg timestamp="20251005 17:25:02.331" level="FAIL">Importing library 'robot.libraries.Dialogs' failed: ModuleNotFoundError: No module named 'tkinter'
Traceback (most recent call last):
  None
PYTHONPATH:
  /opt/renode/tests
  /usr/lib/python310.zip
  /usr/lib/python3.10
  /usr/lib/python3.10/lib-dynload
  /usr/local/lib/python3.10/dist-packages
  /usr/lib/python3/dist-packages</msg>
<msg timestamp="20251005 17:25:02.331" level="DEBUG">ModuleNotFoundError: No module named 'Tkinter'

During handling of the above exception, another exception occurred:

ModuleNotFoundError: No module named 'tkinter'

During handling of the above exception, another exception occurred:

robot.errors.DataError: ModuleNotFoundError: No module named 'tkinter'
Traceback (most recent call last):
  None
PYTHONPATH:
  /opt/renode/tests
  /usr/lib/python310.zip
  /usr/lib/python3.10
  /usr/lib/python3.10/lib-dynload
  /usr/local/lib/python3.10/dist-packages
  /usr/lib/python3/dist-packages

During handling of the above exception, another exception occurred:

robot.errors.DataError: Importing library 'robot.libraries.Dialogs' failed: ModuleNotFoundError: No module named 'tkinter'
Traceback (most recent call last):
  None
PYTHONPATH:
  /opt/renode/tests
  /usr/lib/python310.zip
  /usr/lib/python3.10
  /usr/lib/python3.10/lib-dynload
  /usr/local/lib/python3.10/dist-packages
  /usr/lib/python3/dist-packages

During handling of the above exception, another exception occurred:

RuntimeError: Importing library 'robot.libraries.Dialogs' failed: ModuleNotFoundError: No module named 'tkinter'
Traceback (most recent call last):
  None
PYTHONPATH:
  /opt/renode/tests
  /usr/lib/python310.zip
  /usr/lib/python3.10
  /usr/lib/python3.10/lib-dynload
  /usr/local/lib/python3.10/dist-packages
  /usr/lib/python3/dist-packages</msg>
<status status="FAIL" starttime="20251005 17:25:02.317" endtime="20251005 17:25:02.331"/>
</kw>
<msg timestamp="20251005 17:25:02.331" level="TRACE">Return: ('FAIL',
 "Importing library 'robot.libraries.Dialogs' failed: ModuleNotFoundError: No module named 'tkinter'\nTraceback (most recent call last):\n  None\nPYTHONPATH:\n  /opt/renode/tests\n  /usr/lib/python310.zip\n  /usr/lib/python3.10\n  /usr/lib/python3.10/lib-dynload\n  /usr/local/lib/python3.10/dist-packages\n  /usr/lib/python3/dist-packages")</msg>
<msg timestamp="20251005 17:25:02.331" level="INFO">${res} = ('FAIL', "Importing library 'robot.libraries.Dialogs' failed: ModuleNotFoundError: No module named 'tkinter'\nTraceback (most recent call last):\n  None\nPYTHONPATH:\n  /opt/renode/tests\n  /usr/lib/p...</msg>
<status status="PASS" starttime="20251005 17:25:02.317" endtime="20251005 17:25:02.331"/>
</kw>
<if>
<branch type="IF" condition="${HOLD_ON_ERROR}">
<kw name="Run Keyword If Test Failed" library="BuiltIn">
<arg>Run Keywords</arg>
<arg>Run Keyword If</arg>
<arg>'${res[0]}' == 'FAIL'</arg>
<arg>Log</arg>
<arg>Couldn't load the Dialogs library - interactive debugging is not possible</arg>
<arg>console=True</arg>
<arg>AND</arg>
<arg>Run Keyword If</arg>
<arg>'${res[0]}' != 'FAIL'</arg>
<arg>Open GUI</arg>
<arg>AND</arg>
<arg>Run Keyword If</arg>
<arg>'${res[0]}' != 'FAIL'</arg>
<arg>Pause Execution</arg>
<arg>Test failed. Press OK once done debugging.</arg>
<arg>AND</arg>
<arg>Run Keyword If</arg>
<arg>'${res[0]}' != 'FAIL'</arg>
<arg>Close GUI</arg>
<doc>Runs the given keyword with the given arguments, if the test failed.</doc>
<status status="NOT RUN" starttime="20251005 17:25:02.332" endtime="20251005 17:25:02.332"/>
</kw>
<status status="NOT RUN" starttime="20251005 17:25:02.331" endtime="20251005 17:25:02.332"/>
</branch>
<status status="PASS" starttime="20251005 17:25:02.331" endtime="20251005 17:25:02.332"/>
</if>
<kw name="Reset Emulation" library="Remote">
<msg timestamp="20251005 17:25:02.332" level="TRACE">Arguments: [  ]</msg>
<msg timestamp="20251005 17:25:02.570" level="TRACE">Return: ''</msg>
<status status="PASS" starttime="20251005 17:25:02.332" endtime="20251005 17:25:02.570"/>
</kw>
<kw name="Clear Cached Log" library="Remote">
<msg timestamp="20251005 17:25:02.572" level="TRACE">Arguments: [  ]</msg>
<msg timestamp="20251005 17:25:02.582" level="TRACE">Return: ''</msg>
<status status="PASS" starttime="20251005 17:25:02.570" endtime="20251005 17:25:02.582"/>
</kw>
<msg timestamp="20251005 17:25:02.582" level="TRACE">Return: None</msg>
<status status="PASS" starttime="20251005 17:25:02.310" endtime="20251005 17:25:02.582"/>
</kw>
<doc>Heartbeat should start ticking</doc>
<status status="PASS" starttime="20251005 17:24:55.427" endtime="20251005 17:25:02.583"/>
</test>
<test id="s1-t4" name="Should Initialize PWM" line="55">
<kw name="Reset Emulation" library="Remote" type="SETUP">
<msg timestamp="20251005 17:25:02.583" level="TRACE">Arguments: [  ]</msg>
<msg timestamp="20251005 17:25:02.610" level="TRACE">Return: ''</msg>
<status status="PASS" starttime="20251005 17:25:02.583" endtime="20251005 17:25:02.611"/>
</kw>
<kw name="Execute Command" library="Remote">
<arg>$elf = @${ELF}</arg>
<msg timestamp="20251005 17:25:02.611" level="TRACE">Arguments: [ '$elf = @/workspace/renode/tests/../../target/thumbv7em-none-eabihf/release/joint_firmware' ]</msg>
<msg timestamp="20251005 17:25:02.628" level="TRACE">Return: ''</msg>
<status status="PASS" starttime="20251005 17:25:02.611" endtime="20251005 17:25:02.628"/>
</kw>
<kw name="Execute Command" library="Remote">
<arg>mach create</arg>
<msg timestamp="20251005 17:25:02.628" level="TRACE">Arguments: [ 'mach create' ]</msg>
<msg timestamp="20251005 17:25:02.637" level="TRACE">Return: ''</msg>
<status status="PASS" starttime="20251005 17:25:02.628" endtime="20251005 17:25:02.637"/>
</kw>
<kw name="Execute Command" library="Remote">
<arg>machine LoadPlatformDescription @/workspace/renode/tests/../stm32g431cb.repl</arg>
<msg timestamp="20251005 17:25:02.637" level="TRACE">Arguments: [ 'machine LoadPlatformDescription @/workspace/renode/tests/../stm32g431cb.repl' ]</msg>
<msg timestamp="20251005 17:25:03.872" level="TRACE">Return: ''</msg>
<status status="PASS" starttime="20251005 17:25:02.637" endtime="20251005 17:25:03.872"/>
</kw>
<kw name="Execute Command" library="Remote">
<arg>sysbus LoadELF $elf</arg>
<msg timestamp="20251005 17:25:03.872" level="TRACE">Arguments: [ 'sysbus LoadELF $elf' ]</msg>
<msg timestamp="20251005 17:25:03.948" level="TRACE">Return: ''</msg>
<status status="PASS" starttime="20251005 17:25:03.872" endtime="20251005 17:25:03.948"/>
</kw>
<kw name="Create Terminal Tester" library="Remote">
<arg>${UART}</arg>
<msg timestamp="20251005 17:25:03.949" level="TRACE">Arguments: [ 'sysbus.usart1' ]</msg>
<msg timestamp="20251005 17:25:03.956" level="TRACE">Return: 0</msg>
<status status="PASS" starttime="20251005 17:25:03.949" endtime="20251005 17:25:03.956"/>
</kw>
<kw name="Start Emulation" library="Remote">
<msg timestamp="20251005 17:25:03.956" level="TRACE">Arguments: [  ]</msg>
<msg timestamp="20251005 17:25:04.105" level="TRACE">Return: ''</msg>
<status status="PASS" starttime="20251005 17:25:03.956" endtime="20251005 17:25:04.105"/>
</kw>
<kw name="Wait For Line On Uart" library="Remote">
<arg>FOC task started</arg>
<arg>timeout=${LOG_TIMEOUT}</arg>
<msg timestamp="20251005 17:25:04.106" level="TRACE">Arguments: [ 'FOC task started' | 'timeout=5' ]</msg>
<msg timestamp="20251005 17:25:04.232" level="TRACE">Return: {'groups': [], 'line': 'FOC task started', 'timestamp': 0.287}</msg>
<status status="PASS" starttime="20251005 17:25:04.106" endtime="20251005 17:25:04.232"/>
</kw>
<kw name="Test Teardown" library="renode-keywords" type="TEARDOWN">
<msg timestamp="20251005 17:25:04.233" level="TRACE">Arguments: [  ]</msg>
<kw name="Stop Profiler" library="renode-keywords">
<msg timestamp="20251005 17:25:04.233" level="TRACE">Arguments: [  ]</msg>
<if>
<branch type="IF" condition="${PROFILER_PROCESS}">
<kw name="Terminate Process" library="Process">
<arg>${PROFILER_PROCESS}</arg>
<doc>Stops the process gracefully or forcefully.</doc>
<status status="NOT RUN" starttime="20251005 17:25:04.233" endtime="20251005 17:25:04.233"/>
</kw>
<kw name="Set Test Variable" library="BuiltIn">
<arg>${PROFILER_PROCESS}</arg>
<arg>None</arg>
<doc>Makes a variable available everywhere within the scope of the current test.</doc>
<status status="NOT RUN" starttime="20251005 17:25:04.233" endtime="20251005 17:25:04.233"/>
</kw>
<status status="NOT RUN" starttime="20251005 17:25:04.233" endtime="20251005 17:25:04.233"/>
</branch>
<status status="PASS" starttime="20251005 17:25:04.233" endtime="20251005 17:25:04.234"/>
</if>
<msg timestamp="20251005 17:25:04.234" level="TRACE">Return: None</msg>
<status status="PASS" starttime="20251005 17:25:04.233" endtime="20251005 17:25:04.234"/>
</kw>
<if>
<branch type="IF" condition="${CREATE_SNAPSHOT_ON_FAIL}">
<kw name="Run Keyword If Test Failed" library="BuiltIn">
<arg>Create Snapshot Of Failed Test</arg>
<doc>Runs the given keyword with the given arguments, if the test failed.</doc>
<msg timestamp="20251005 17:25:04.234" level="TRACE">Arguments: [ 'Create Snapshot Of Failed Test' ]</msg>
<msg timestamp="20251005 17:25:04.234" level="TRACE">Return: None</msg>
<status status="PASS" starttime="20251005 17:25:04.234" endtime="20251005 17:25:04.234"/>
</kw>
<status status="PASS" starttime="20251005 17:25:04.234" endtime="20251005 17:25:04.234"/>
</branch>
<status status="PASS" starttime="20251005 17:25:04.234" endtime="20251005 17:25:04.234"/>
</if>
<if>
<branch type="IF" condition="${SAVE_LOGS}">
<if>
<branch type="IF" condition="&quot;${SAVE_LOGS_WHEN}&quot; == &quot;Always&quot;">
<kw name="Save Test Log" library="renode-keywords">
<status status="NOT RUN" starttime="20251005 17:25:04.235" endtime="20251005 17:25:04.235"/>
</kw>
<status status="NOT RUN" starttime="20251005 17:25:04.234" endtime="20251005 17:25:04.235"/>
</branch>
<branch type="ELSE IF" condition="&quot;${SAVE_LOGS_WHEN}&quot; == &quot;Fail&quot;">
<kw name="Run Keyword If Test Failed" library="BuiltIn">
<arg>Save Test Log</arg>
<doc>Runs the given keyword with the given arguments, if the test failed.</doc>
<msg timestamp="20251005 17:25:04.235" level="TRACE">Arguments: [ 'Save Test Log' ]</msg>
<msg timestamp="20251005 17:25:04.235" level="TRACE">Return: None</msg>
<status status="PASS" starttime="20251005 17:25:04.235" endtime="20251005 17:25:04.235"/>
</kw>
<status status="PASS" starttime="20251005 17:25:04.235" endtime="20251005 17:25:04.235"/>
</branch>
<status status="PASS" starttime="20251005 17:25:04.234" endtime="20251005 17:25:04.235"/>
</if>
<status status="PASS" starttime="20251005 17:25:04.234" endtime="20251005 17:25:04.235"/>
</branch>
<status status="PASS" starttime="20251005 17:25:04.234" endtime="20251005 17:25:04.235"/>
</if>
<kw name="Run Keyword And Ignore Error" library="BuiltIn">
<var>${res}</var>
<arg>Import Library</arg>
<arg>Dialogs</arg>
<doc>Runs the given keyword with the given arguments and ignores possible error.</doc>
<msg timestamp="20251005 17:25:04.235" level="TRACE">Arguments: [ 'Import Library' | 'Dialogs' ]</msg>
<kw name="Import Library" library="BuiltIn">
<arg>Dialogs</arg>
<doc>Imports a library with the given name and optional arguments.</doc>
<msg timestamp="20251005 17:25:04.236" level="TRACE">Arguments: [ 'Dialogs' ]</msg>
<msg timestamp="20251005 17:25:04.237" level="TRACE">Return: None</msg>
<msg timestamp="20251005 17:25:04.237" level="FAIL">Importing library 'robot.libraries.Dialogs' failed: ModuleNotFoundError: No module named 'tkinter'
Traceback (most recent call last):
  None
PYTHONPATH:
  /opt/renode/tests
  /usr/lib/python310.zip
  /usr/lib/python3.10
  /usr/lib/python3.10/lib-dynload
  /usr/local/lib/python3.10/dist-packages
  /usr/lib/python3/dist-packages</msg>
<msg timestamp="20251005 17:25:04.237" level="DEBUG">ModuleNotFoundError: No module named 'Tkinter'

During handling of the above exception, another exception occurred:

ModuleNotFoundError: No module named 'tkinter'

During handling of the above exception, another exception occurred:

robot.errors.DataError: ModuleNotFoundError: No module named 'tkinter'
Traceback (most recent call last):
  None
PYTHONPATH:
  /opt/renode/tests
  /usr/lib/python310.zip
  /usr/lib/python3.10
  /usr/lib/python3.10/lib-dynload
  /usr/local/lib/python3.10/dist-packages
  /usr/lib/python3/dist-packages

During handling of the above exception, another exception occurred:

robot.errors.DataError: Importing library 'robot.libraries.Dialogs' failed: ModuleNotFoundError: No module named 'tkinter'
Traceback (most recent call last):
  None
PYTHONPATH:
  /opt/renode/tests
  /usr/lib/python310.zip
  /usr/lib/python3.10
  /usr/lib/python3.10/lib-dynload
  /usr/local/lib/python3.10/dist-packages
  /usr/lib/python3/dist-packages

During handling of the above exception, another exception occurred:

RuntimeError: Importing library 'robot.libraries.Dialogs' failed: ModuleNotFoundError: No module named 'tkinter'
Traceback (most recent call last):
  None
PYTHONPATH:
  /opt/renode/tests
  /usr/lib/python310.zip
  /usr/lib/python3.10
  /usr/lib/python3.10/lib-dynload
  /usr/local/lib/python3.10/dist-packages
  /usr/lib/python3/dist-packages</msg>
<status status="FAIL" starttime="20251005 17:25:04.235" endtime="20251005 17:25:04.237"/>
</kw>
<msg timestamp="20251005 17:25:04.237" level="TRACE">Return: ('FAIL',
 "Importing library 'robot.libraries.Dialogs' failed: ModuleNotFoundError: No module named 'tkinter'\nTraceback (most recent call last):\n  None\nPYTHONPATH:\n  /opt/renode/tests\n  /usr/lib/python310.zip\n  /usr/lib/python3.10\n  /usr/lib/python3.10/lib-dynload\n  /usr/local/lib/python3.10/dist-packages\n  /usr/lib/python3/dist-packages")</msg>
<msg timestamp="20251005 17:25:04.237" level="INFO">${res} = ('FAIL', "Importing library 'robot.libraries.Dialogs' failed: ModuleNotFoundError: No module named 'tkinter'\nTraceback (most recent call last):\n  None\nPYTHONPATH:\n  /opt/renode/tests\n  /usr/lib/p...</msg>
<status status="PASS" starttime="20251005 17:25:04.235" endtime="20251005 17:25:04.238"/>
</kw>
<if>
<branch type="IF" condition="${HOLD_ON_ERROR}">
<kw name="Run Keyword If Test Failed" library="BuiltIn">
<arg>Run Keywords</arg>
<arg>Run Keyword If</arg>
<arg>'${res[0]}' == 'FAIL'</arg>
<arg>Log</arg>
<arg>Couldn't load the Dialogs library - interactive debugging is not possible</arg>
<arg>console=True</arg>
<arg>AND</arg>
<arg>Run Keyword If</arg>
<arg>'${res[0]}' != 'FAIL'</arg>
<arg>Open GUI</arg>
<arg>AND</arg>
<arg>Run Keyword If</arg>
<arg>'${res[0]}' != 'FAIL'</arg>
<arg>Pause Execution</arg>
<arg>Test failed. Press OK once done debugging.</arg>
<arg>AND</arg>
<arg>Run Keyword If</arg>
<arg>'${res[0]}' != 'FAIL'</arg>
<arg>Close GUI</arg>
<doc>Runs the given keyword with the given arguments, if the test failed.</doc>
<status status="NOT RUN" starttime="20251005 17:25:04.238" endtime="20251005 17:25:04.238"/>
</kw>
<status status="NOT RUN" starttime="20251005 17:25:04.238" endtime="20251005 17:25:04.238"/>
</branch>
<status status="PASS" starttime="20251005 17:25:04.238" endtime="20251005 17:25:04.264"/>
</if>
<kw name="Reset Emulation" library="Remote">
<msg timestamp="20251005 17:25:04.265" level="TRACE">Arguments: [  ]</msg>
<msg timestamp="20251005 17:25:04.464" level="TRACE">Return: ''</msg>
<status status="PASS" starttime="20251005 17:25:04.265" endtime="20251005 17:25:04.464"/>
</kw>
<kw name="Clear Cached Log" library="Remote">
<msg timestamp="20251005 17:25:04.464" level="TRACE">Arguments: [  ]</msg>
<msg timestamp="20251005 17:25:04.490" level="TRACE">Return: ''</msg>
<status status="PASS" starttime="20251005 17:25:04.464" endtime="20251005 17:25:04.491"/>
</kw>
<msg timestamp="20251005 17:25:04.491" level="TRACE">Return: None</msg>
<status status="PASS" starttime="20251005 17:25:04.232" endtime="20251005 17:25:04.491"/>
</kw>
<doc>PWM should be ready for motor control</doc>
<status status="PASS" starttime="20251005 17:25:02.583" endtime="20251005 17:25:04.491"/>
</test>
<test id="s1-t5" name="Should Initialize CAN" line="67">
<kw name="Reset Emulation" library="Remote" type="SETUP">
<msg timestamp="20251005 17:25:04.492" level="TRACE">Arguments: [  ]</msg>
<msg timestamp="20251005 17:25:04.501" level="TRACE">Return: ''</msg>
<status status="PASS" starttime="20251005 17:25:04.492" endtime="20251005 17:25:04.501"/>
</kw>
<kw name="Execute Command" library="Remote">
<arg>$elf = @${ELF}</arg>
<msg timestamp="20251005 17:25:04.502" level="TRACE">Arguments: [ '$elf = @/workspace/renode/tests/../../target/thumbv7em-none-eabihf/release/joint_firmware' ]</msg>
<msg timestamp="20251005 17:25:04.525" level="TRACE">Return: ''</msg>
<status status="PASS" starttime="20251005 17:25:04.501" endtime="20251005 17:25:04.525"/>
</kw>
<kw name="Execute Command" library="Remote">
<arg>mach create</arg>
<msg timestamp="20251005 17:25:04.525" level="TRACE">Arguments: [ 'mach create' ]</msg>
<msg timestamp="20251005 17:25:04.551" level="TRACE">Return: ''</msg>
<status status="PASS" starttime="20251005 17:25:04.525" endtime="20251005 17:25:04.551"/>
</kw>
<kw name="Execute Command" library="Remote">
<arg>machine LoadPlatformDescription @/workspace/renode/tests/../stm32g431cb.repl</arg>
<msg timestamp="20251005 17:25:04.551" level="TRACE">Arguments: [ 'machine LoadPlatformDescription @/workspace/renode/tests/../stm32g431cb.repl' ]</msg>
<msg timestamp="20251005 17:25:05.762" level="TRACE">Return: ''</msg>
<status status="PASS" starttime="20251005 17:25:04.551" endtime="20251005 17:25:05.763"/>
</kw>
<kw name="Execute Command" library="Remote">
<arg>sysbus LoadELF $elf</arg>
<msg timestamp="20251005 17:25:05.763" level="TRACE">Arguments: [ 'sysbus LoadELF $elf' ]</msg>
<msg timestamp="20251005 17:25:05.834" level="TRACE">Return: ''</msg>
<status status="PASS" starttime="20251005 17:25:05.763" endtime="20251005 17:25:05.835"/>
</kw>
<kw name="Create Terminal Tester" library="Remote">
<arg>${UART}</arg>
<msg timestamp="20251005 17:25:05.835" level="TRACE">Arguments: [ 'sysbus.usart1' ]</msg>
<msg timestamp="20251005 17:25:05.839" level="TRACE">Return: 0</msg>
<status status="PASS" starttime="20251005 17:25:05.835" endtime="20251005 17:25:05.839"/>
</kw>
<kw name="Start Emulation" library="Remote">
<msg timestamp="20251005 17:25:05.840" level="TRACE">Arguments: [  ]</msg>
<msg timestamp="20251005 17:25:05.953" level="TRACE">Return: ''</msg>
<status status="PASS" starttime="20251005 17:25:05.840" endtime="20251005 17:25:05.953"/>
</kw>
<kw name="Wait For Line On Uart" library="Remote">
<arg>CAN task started</arg>
<arg>timeout=${LOG_TIMEOUT}</arg>
<msg timestamp="20251005 17:25:05.954" level="TRACE">Arguments: [ 'CAN task started' | 'timeout=5' ]</msg>
<msg timestamp="20251005 17:25:06.061" level="TRACE">Return: {'groups': [], 'line': 'CAN task started', 'timestamp': 10.402}</msg>
<status status="PASS" starttime="20251005 17:25:05.953" endtime="20251005 17:25:06.062"/>
</kw>
<kw name="Test Teardown" library="renode-keywords" type="TEARDOWN">
<msg timestamp="20251005 17:25:06.062" level="TRACE">Arguments: [  ]</msg>
<kw name="Stop Profiler" library="renode-keywords">
<msg timestamp="20251005 17:25:06.062" level="TRACE">Arguments: [  ]</msg>
<if>
<branch type="IF" condition="${PROFILER_PROCESS}">
<kw name="Terminate Process" library="Process">
<arg>${PROFILER_PROCESS}</arg>
<doc>Stops the process gracefully or forcefully.</doc>
<status status="NOT RUN" starttime="20251005 17:25:06.062" endtime="20251005 17:25:06.063"/>
</kw>
<kw name="Set Test Variable" library="BuiltIn">
<arg>${PROFILER_PROCESS}</arg>
<arg>None</arg>
<doc>Makes a variable available everywhere within the scope of the current test.</doc>
<status status="NOT RUN" starttime="20251005 17:25:06.063" endtime="20251005 17:25:06.063"/>
</kw>
<status status="NOT RUN" starttime="20251005 17:25:06.062" endtime="20251005 17:25:06.063"/>
</branch>
<status status="PASS" starttime="20251005 17:25:06.062" endtime="20251005 17:25:06.063"/>
</if>
<msg timestamp="20251005 17:25:06.063" level="TRACE">Return: None</msg>
<status status="PASS" starttime="20251005 17:25:06.062" endtime="20251005 17:25:06.063"/>
</kw>
<if>
<branch type="IF" condition="${CREATE_SNAPSHOT_ON_FAIL}">
<kw name="Run Keyword If Test Failed" library="BuiltIn">
<arg>Create Snapshot Of Failed Test</arg>
<doc>Runs the given keyword with the given arguments, if the test failed.</doc>
<msg timestamp="20251005 17:25:06.072" level="TRACE">Arguments: [ 'Create Snapshot Of Failed Test' ]</msg>
<msg timestamp="20251005 17:25:06.072" level="TRACE">Return: None</msg>
<status status="PASS" starttime="20251005 17:25:06.063" endtime="20251005 17:25:06.072"/>
</kw>
<status status="PASS" starttime="20251005 17:25:06.063" endtime="20251005 17:25:06.072"/>
</branch>
<status status="PASS" starttime="20251005 17:25:06.063" endtime="20251005 17:25:06.072"/>
</if>
<if>
<branch type="IF" condition="${SAVE_LOGS}">
<if>
<branch type="IF" condition="&quot;${SAVE_LOGS_WHEN}&quot; == &quot;Always&quot;">
<kw name="Save Test Log" library="renode-keywords">
<status status="NOT RUN" starttime="20251005 17:25:06.073" endtime="20251005 17:25:06.073"/>
</kw>
<status status="NOT RUN" starttime="20251005 17:25:06.073" endtime="20251005 17:25:06.073"/>
</branch>
<branch type="ELSE IF" condition="&quot;${SAVE_LOGS_WHEN}&quot; == &quot;Fail&quot;">
<kw name="Run Keyword If Test Failed" library="BuiltIn">
<arg>Save Test Log</arg>
<doc>Runs the given keyword with the given arguments, if the test failed.</doc>
<msg timestamp="20251005 17:25:06.073" level="TRACE">Arguments: [ 'Save Test Log' ]</msg>
<msg timestamp="20251005 17:25:06.073" level="TRACE">Return: None</msg>
<status status="PASS" starttime="20251005 17:25:06.073" endtime="20251005 17:25:06.073"/>
</kw>
<status status="PASS" starttime="20251005 17:25:06.073" endtime="20251005 17:25:06.073"/>
</branch>
<status status="PASS" starttime="20251005 17:25:06.073" endtime="20251005 17:25:06.074"/>
</if>
<status status="PASS" starttime="20251005 17:25:06.072" endtime="20251005 17:25:06.074"/>
</branch>
<status status="PASS" starttime="20251005 17:25:06.072" endtime="20251005 17:25:06.074"/>
</if>
<kw name="Run Keyword And Ignore Error" library="BuiltIn">
<var>${res}</var>
<arg>Import Library</arg>
<arg>Dialogs</arg>
<doc>Runs the given keyword with the given arguments and ignores possible error.</doc>
<msg timestamp="20251005 17:25:06.074" level="TRACE">Arguments: [ 'Import Library' | 'Dialogs' ]</msg>
<kw name="Import Library" library="BuiltIn">
<arg>Dialogs</arg>
<doc>Imports a library with the given name and optional arguments.</doc>
<msg timestamp="20251005 17:25:06.074" level="TRACE">Arguments: [ 'Dialogs' ]</msg>
<msg timestamp="20251005 17:25:06.075" level="TRACE">Return: None</msg>
<msg timestamp="20251005 17:25:06.076" level="FAIL">Importing library 'robot.libraries.Dialogs' failed: ModuleNotFoundError: No module named 'tkinter'
Traceback (most recent call last):
  None
PYTHONPATH:
  /opt/renode/tests
  /usr/lib/python310.zip
  /usr/lib/python3.10
  /usr/lib/python3.10/lib-dynload
  /usr/local/lib/python3.10/dist-packages
  /usr/lib/python3/dist-packages</msg>
<msg timestamp="20251005 17:25:06.076" level="DEBUG">ModuleNotFoundError: No module named 'Tkinter'

During handling of the above exception, another exception occurred:

ModuleNotFoundError: No module named 'tkinter'

During handling of the above exception, another exception occurred:

robot.errors.DataError: ModuleNotFoundError: No module named 'tkinter'
Traceback (most recent call last):
  None
PYTHONPATH:
  /opt/renode/tests
  /usr/lib/python310.zip
  /usr/lib/python3.10
  /usr/lib/python3.10/lib-dynload
  /usr/local/lib/python3.10/dist-packages
  /usr/lib/python3/dist-packages

During handling of the above exception, another exception occurred:

robot.errors.DataError: Importing library 'robot.libraries.Dialogs' failed: ModuleNotFoundError: No module named 'tkinter'
Traceback (most recent call last):
  None
PYTHONPATH:
  /opt/renode/tests
  /usr/lib/python310.zip
  /usr/lib/python3.10
  /usr/lib/python3.10/lib-dynload
  /usr/local/lib/python3.10/dist-packages
  /usr/lib/python3/dist-packages

During handling of the above exception, another exception occurred:

RuntimeError: Importing library 'robot.libraries.Dialogs' failed: ModuleNotFoundError: No module named 'tkinter'
Traceback (most recent call last):
  None
PYTHONPATH:
  /opt/renode/tests
  /usr/lib/python310.zip
  /usr/lib/python3.10
  /usr/lib/python3.10/lib-dynload
  /usr/local/lib/python3.10/dist-packages
  /usr/lib/python3/dist-packages</msg>
<status status="FAIL" starttime="20251005 17:25:06.074" endtime="20251005 17:25:06.076"/>
</kw>
<msg timestamp="20251005 17:25:06.076" level="TRACE">Return: ('FAIL',
 "Importing library 'robot.libraries.Dialogs' failed: ModuleNotFoundError: No module named 'tkinter'\nTraceback (most recent call last):\n  None\nPYTHONPATH:\n  /opt/renode/tests\n  /usr/lib/python310.zip\n  /usr/lib/python3.10\n  /usr/lib/python3.10/lib-dynload\n  /usr/local/lib/python3.10/dist-packages\n  /usr/lib/python3/dist-packages")</msg>
<msg timestamp="20251005 17:25:06.076" level="INFO">${res} = ('FAIL', "Importing library 'robot.libraries.Dialogs' failed: ModuleNotFoundError: No module named 'tkinter'\nTraceback (most recent call last):\n  None\nPYTHONPATH:\n  /opt/renode/tests\n  /usr/lib/p...</msg>
<status status="PASS" starttime="20251005 17:25:06.074" endtime="20251005 17:25:06.076"/>
</kw>
<if>
<branch type="IF" condition="${HOLD_ON_ERROR}">
<kw name="Run Keyword If Test Failed" library="BuiltIn">
<arg>Run Keywords</arg>
<arg>Run Keyword If</arg>
<arg>'${res[0]}' == 'FAIL'</arg>
<arg>Log</arg>
<arg>Couldn't load the Dialogs library - interactive debugging is not possible</arg>
<arg>console=True</arg>
<arg>AND</arg>
<arg>Run Keyword If</arg>
<arg>'${res[0]}' != 'FAIL'</arg>
<arg>Open GUI</arg>
<arg>AND</arg>
<arg>Run Keyword If</arg>
<arg>'${res[0]}' != 'FAIL'</arg>
<arg>Pause Execution</arg>
<arg>Test failed. Press OK once done debugging.</arg>
<arg>AND</arg>
<arg>Run Keyword If</arg>
<arg>'${res[0]}' != 'FAIL'</arg>
<arg>Close GUI</arg>
<doc>Runs the given keyword with the given arguments, if the test failed.</doc>
<status status="NOT RUN" starttime="20251005 17:25:06.076" endtime="20251005 17:25:06.076"/>
</kw>
<status status="NOT RUN" starttime="20251005 17:25:06.076" endtime="20251005 17:25:06.076"/>
</branch>
<status status="PASS" starttime="20251005 17:25:06.076" endtime="20251005 17:25:06.076"/>
</if>
<kw name="Reset Emulation" library="Remote">
<msg timestamp="20251005 17:25:06.076" level="TRACE">Arguments: [  ]</msg>
<msg timestamp="20251005 17:25:06.327" level="TRACE">Return: ''</msg>
<status status="PASS" starttime="20251005 17:25:06.076" endtime="20251005 17:25:06.327"/>
</kw>
<kw name="Clear Cached Log" library="Remote">
<msg timestamp="20251005 17:25:06.328" level="TRACE">Arguments: [  ]</msg>
<msg timestamp="20251005 17:25:06.333" level="TRACE">Return: ''</msg>
<status status="PASS" starttime="20251005 17:25:06.327" endtime="20251005 17:25:06.333"/>
</kw>
<msg timestamp="20251005 17:25:06.333" level="TRACE">Return: None</msg>
<status status="PASS" starttime="20251005 17:25:06.062" endtime="20251005 17:25:06.333"/>
</kw>
<doc>FDCAN1 should be initialized</doc>
<status status="PASS" starttime="20251005 17:25:04.491" endtime="20251005 17:25:06.333"/>
</test>
<kw name="Teardown" library="renode-keywords" type="TEARDOWN">
<msg timestamp="20251005 17:25:06.334" level="TRACE">Arguments: [  ]</msg>
<if>
<branch type="IF" condition="not ${SKIP_RUNNING_SERVER}">
<kw name="Stop Remote Server" library="Remote">
<status status="NOT RUN" starttime="20251005 17:25:06.334" endtime="20251005 17:25:06.334"/>
</kw>
<status status="NOT RUN" starttime="20251005 17:25:06.334" endtime="20251005 17:25:06.334"/>
</branch>
<status status="PASS" starttime="20251005 17:25:06.334" endtime="20251005 17:25:06.334"/>
</if>
<if>
<branch type="IF" condition="not ${SKIP_RUNNING_SERVER}">
<kw name="Wait For Process" library="Process">
<doc>Waits for the process to complete or to reach the given timeout.</doc>
<status status="NOT RUN" starttime="20251005 17:25:06.335" endtime="20251005 17:25:06.335"/>
</kw>
<status status="NOT RUN" starttime="20251005 17:25:06.334" endtime="20251005 17:25:06.342"/>
</branch>
<status status="PASS" starttime="20251005 17:25:06.334" endtime="20251005 17:25:06.342"/>
</if>
<msg timestamp="20251005 17:25:06.342" level="TRACE">Return: None</msg>
<status status="PASS" starttime="20251005 17:25:06.334" endtime="20251005 17:25:06.342"/>
</kw>
<doc>Basic firmware startup tests for STM32G431CB FOC controller</doc>
<meta name="HotSpot_Action">-</meta>
<status status="PASS" starttime="20251005 17:24:43.790" endtime="20251005 17:25:06.342"/>
</suite>
<statistics>
<total>
<stat pass="5" fail="0" skip="0">All Tests</stat>
</total>
<tag>
</tag>
<suite>
<stat pass="5" fail="0" skip="0" id="s1" name="Test Suite">Test Suite</stat>
</suite>
</statistics>
<errors>
</errors>
</robot>
